mode: set
github.com/google/go-cmp/cmp/internal/value/name.go:16.56,18.2 1 1
github.com/google/go-cmp/cmp/internal/value/name.go:20.81,26.18 1 1
github.com/google/go-cmp/cmp/internal/value/name.go:26.18,28.3 1 1
github.com/google/go-cmp/cmp/internal/value/name.go:31.2,31.20 1 1
github.com/google/go-cmp/cmp/internal/value/name.go:31.20,32.37 1 1
github.com/google/go-cmp/cmp/internal/value/name.go:32.37,38.4 5 1
github.com/google/go-cmp/cmp/internal/value/name.go:38.9,40.4 1 1
github.com/google/go-cmp/cmp/internal/value/name.go:41.3,41.11 1 1
github.com/google/go-cmp/cmp/internal/value/name.go:45.2,45.26 1 1
github.com/google/go-cmp/cmp/internal/value/name.go:49.75,50.31 1 0
github.com/google/go-cmp/cmp/internal/value/name.go:51.20,52.37 1 1
github.com/google/go-cmp/cmp/internal/value/name.go:52.37,54.4 1 1
github.com/google/go-cmp/cmp/internal/value/name.go:55.3,56.37 2 1
github.com/google/go-cmp/cmp/internal/value/name.go:56.37,58.4 1 1
github.com/google/go-cmp/cmp/internal/value/name.go:59.3,60.52 2 1
github.com/google/go-cmp/cmp/internal/value/name.go:61.20,62.17 1 1
github.com/google/go-cmp/cmp/internal/value/name.go:62.17,64.4 1 1
github.com/google/go-cmp/cmp/internal/value/name.go:65.3,66.34 2 1
github.com/google/go-cmp/cmp/internal/value/name.go:66.34,67.13 1 1
github.com/google/go-cmp/cmp/internal/value/name.go:67.13,69.5 1 1
github.com/google/go-cmp/cmp/internal/value/name.go:70.4,70.42 1 1
github.com/google/go-cmp/cmp/internal/value/name.go:70.42,73.5 2 1
github.com/google/go-cmp/cmp/internal/value/name.go:73.10,75.5 1 1
github.com/google/go-cmp/cmp/internal/value/name.go:77.3,78.21 2 1
github.com/google/go-cmp/cmp/internal/value/name.go:79.10,79.10 0 1
github.com/google/go-cmp/cmp/internal/value/name.go:81.10,83.53 2 1
github.com/google/go-cmp/cmp/internal/value/name.go:84.11,86.36 2 1
github.com/google/go-cmp/cmp/internal/value/name.go:86.36,87.14 1 1
github.com/google/go-cmp/cmp/internal/value/name.go:87.14,89.6 1 1
github.com/google/go-cmp/cmp/internal/value/name.go:90.5,90.54 1 1
github.com/google/go-cmp/cmp/internal/value/name.go:92.4,92.22 1 1
github.com/google/go-cmp/cmp/internal/value/name.go:94.22,96.37 2 1
github.com/google/go-cmp/cmp/internal/value/name.go:96.37,97.13 1 1
github.com/google/go-cmp/cmp/internal/value/name.go:97.13,99.5 1 1
github.com/google/go-cmp/cmp/internal/value/name.go:100.4,101.21 2 1
github.com/google/go-cmp/cmp/internal/value/name.go:101.21,102.38 1 1
github.com/google/go-cmp/cmp/internal/value/name.go:102.38,107.6 4 1
github.com/google/go-cmp/cmp/internal/value/name.go:108.5,109.23 2 1
github.com/google/go-cmp/cmp/internal/value/name.go:111.4,112.20 2 1
github.com/google/go-cmp/cmp/internal/value/name.go:112.20,115.5 2 1
github.com/google/go-cmp/cmp/internal/value/name.go:117.3,117.25 1 1
github.com/google/go-cmp/cmp/internal/value/name.go:117.25,119.4 1 1
github.com/google/go-cmp/cmp/internal/value/name.go:119.9,121.4 1 1
github.com/google/go-cmp/cmp/internal/value/name.go:122.3,122.21 1 1
github.com/google/go-cmp/cmp/internal/value/name.go:123.36,125.25 2 1
github.com/google/go-cmp/cmp/internal/value/name.go:125.25,127.4 1 1
github.com/google/go-cmp/cmp/internal/value/name.go:128.3,129.52 2 1
github.com/google/go-cmp/cmp/internal/value/name.go:130.19,134.52 4 1
github.com/google/go-cmp/cmp/internal/value/name.go:135.19,137.52 2 1
github.com/google/go-cmp/cmp/internal/value/name.go:138.25,140.38 2 1
github.com/google/go-cmp/cmp/internal/value/name.go:140.38,141.13 1 1
github.com/google/go-cmp/cmp/internal/value/name.go:141.13,143.5 1 1
github.com/google/go-cmp/cmp/internal/value/name.go:144.4,145.36 2 1
github.com/google/go-cmp/cmp/internal/value/name.go:145.36,150.5 4 0
github.com/google/go-cmp/cmp/internal/value/name.go:151.4,152.50 2 1
github.com/google/go-cmp/cmp/internal/value/name.go:154.3,154.25 1 1
github.com/google/go-cmp/cmp/internal/value/name.go:154.25,156.4 1 0
github.com/google/go-cmp/cmp/internal/value/name.go:156.9,158.4 1 1
github.com/google/go-cmp/cmp/internal/value/name.go:159.3,159.21 1 1
github.com/google/go-cmp/cmp/internal/value/name.go:160.10,161.39 1 0
github.com/google/go-cmp/cmp/internal/value/name.go:163.2,163.10 1 1
github.com/google/go-cmp/cmp/internal/value/pointer_unsafe.go:23.41,27.2 1 1
github.com/google/go-cmp/cmp/internal/value/pointer_unsafe.go:30.31,32.2 1 0
github.com/google/go-cmp/cmp/internal/value/pointer_unsafe.go:35.36,37.2 1 0
github.com/google/go-cmp/cmp/internal/value/sort.go:16.51,17.18 1 1
github.com/google/go-cmp/cmp/internal/value/sort.go:17.18,19.3 1 0
github.com/google/go-cmp/cmp/internal/value/sort.go:22.2,22.43 1 1
github.com/google/go-cmp/cmp/internal/value/sort.go:22.43,22.74 1 1
github.com/google/go-cmp/cmp/internal/value/sort.go:25.2,26.27 2 1
github.com/google/go-cmp/cmp/internal/value/sort.go:26.27,27.33 1 1
github.com/google/go-cmp/cmp/internal/value/sort.go:27.33,29.4 1 1
github.com/google/go-cmp/cmp/internal/value/sort.go:31.2,31.12 1 1
github.com/google/go-cmp/cmp/internal/value/sort.go:36.38,37.25 1 1
github.com/google/go-cmp/cmp/internal/value/sort.go:38.20,39.31 1 1
github.com/google/go-cmp/cmp/internal/value/sort.go:40.78,41.27 1 1
github.com/google/go-cmp/cmp/internal/value/sort.go:42.100,43.29 1 1
github.com/google/go-cmp/cmp/internal/value/sort.go:44.40,48.54 2 1
github.com/google/go-cmp/cmp/internal/value/sort.go:49.45,52.53 3 1
github.com/google/go-cmp/cmp/internal/value/sort.go:52.53,54.4 1 1
github.com/google/go-cmp/cmp/internal/value/sort.go:55.3,55.54 1 1
github.com/google/go-cmp/cmp/internal/value/sort.go:56.56,57.35 1 1
github.com/google/go-cmp/cmp/internal/value/sort.go:58.22,59.33 1 1
github.com/google/go-cmp/cmp/internal/value/sort.go:60.21,61.32 1 1
github.com/google/go-cmp/cmp/internal/value/sort.go:61.32,62.38 1 1
github.com/google/go-cmp/cmp/internal/value/sort.go:62.38,64.5 1 1
github.com/google/go-cmp/cmp/internal/value/sort.go:65.4,65.38 1 1
github.com/google/go-cmp/cmp/internal/value/sort.go:65.38,67.5 1 1
github.com/google/go-cmp/cmp/internal/value/sort.go:69.3,69.15 1 1
github.com/google/go-cmp/cmp/internal/value/sort.go:70.22,71.37 1 1
github.com/google/go-cmp/cmp/internal/value/sort.go:71.37,72.38 1 1
github.com/google/go-cmp/cmp/internal/value/sort.go:72.38,74.5 1 1
github.com/google/go-cmp/cmp/internal/value/sort.go:75.4,75.38 1 1
github.com/google/go-cmp/cmp/internal/value/sort.go:75.38,77.5 1 1
github.com/google/go-cmp/cmp/internal/value/sort.go:79.3,79.15 1 1
github.com/google/go-cmp/cmp/internal/value/sort.go:80.25,82.37 2 1
github.com/google/go-cmp/cmp/internal/value/sort.go:82.37,84.4 1 1
github.com/google/go-cmp/cmp/internal/value/sort.go:85.3,86.15 2 1
github.com/google/go-cmp/cmp/internal/value/sort.go:86.15,88.4 1 1
github.com/google/go-cmp/cmp/internal/value/sort.go:89.3,89.29 1 1
github.com/google/go-cmp/cmp/internal/value/sort.go:89.29,91.4 1 1
github.com/google/go-cmp/cmp/internal/value/sort.go:92.3,92.33 1 1
github.com/google/go-cmp/cmp/internal/value/sort.go:92.33,94.4 1 1
github.com/google/go-cmp/cmp/internal/value/sort.go:95.3,95.35 1 0
github.com/google/go-cmp/cmp/internal/value/sort.go:95.35,97.4 1 0
github.com/google/go-cmp/cmp/internal/value/sort.go:101.3,101.85 1 0
github.com/google/go-cmp/cmp/internal/value/sort.go:102.10,104.55 1 0
github.com/google/go-cmp/cmp/cmpopts/equate.go:17.42,17.57 1 1
github.com/google/go-cmp/cmp/cmpopts/equate.go:23.31,25.2 1 1
github.com/google/go-cmp/cmp/cmpopts/equate.go:27.37,32.2 2 1
github.com/google/go-cmp/cmp/cmpopts/equate.go:49.56,50.78 1 1
github.com/google/go-cmp/cmp/cmpopts/equate.go:50.78,51.60 1 1
github.com/google/go-cmp/cmp/cmpopts/equate.go:53.2,57.3 2 1
github.com/google/go-cmp/cmp/cmpopts/equate.go:62.37,64.2 1 1
github.com/google/go-cmp/cmp/cmpopts/equate.go:65.37,67.2 1 1
github.com/google/go-cmp/cmp/cmpopts/equate.go:68.53,71.2 2 1
github.com/google/go-cmp/cmp/cmpopts/equate.go:72.53,74.2 1 1
github.com/google/go-cmp/cmp/cmpopts/equate.go:80.30,85.2 1 1
github.com/google/go-cmp/cmp/cmpopts/equate.go:87.37,89.2 1 1
github.com/google/go-cmp/cmp/cmpopts/equate.go:90.37,92.2 1 1
github.com/google/go-cmp/cmp/cmpopts/equate.go:98.56,99.16 1 1
github.com/google/go-cmp/cmp/cmpopts/equate.go:99.16,100.48 1 1
github.com/google/go-cmp/cmp/cmpopts/equate.go:102.2,103.67 2 1
github.com/google/go-cmp/cmp/cmpopts/equate.go:106.43,108.2 1 1
github.com/google/go-cmp/cmp/cmpopts/equate.go:114.56,117.16 1 1
github.com/google/go-cmp/cmp/cmpopts/equate.go:117.16,120.3 1 1
github.com/google/go-cmp/cmp/cmpopts/equate.go:123.2,123.35 1 1
github.com/google/go-cmp/cmp/cmpopts/equate.go:131.36,131.58 1 0
github.com/google/go-cmp/cmp/cmpopts/equate.go:132.36,132.57 1 1
github.com/google/go-cmp/cmp/cmpopts/equate.go:137.32,139.2 1 1
github.com/google/go-cmp/cmp/cmpopts/equate.go:146.47,150.2 3 1
github.com/google/go-cmp/cmp/cmpopts/equate.go:152.43,156.2 3 1
github.com/google/go-cmp/cmp/cmpopts/ignore.go:24.64,27.2 2 1
github.com/google/go-cmp/cmp/cmpopts/ignore.go:31.50,34.2 2 1
github.com/google/go-cmp/cmp/cmpopts/ignore.go:38.57,39.27 1 1
github.com/google/go-cmp/cmp/cmpopts/ignore.go:39.27,41.15 2 1
github.com/google/go-cmp/cmp/cmpopts/ignore.go:41.15,43.67 1 1
github.com/google/go-cmp/cmp/cmpopts/ignore.go:45.3,45.21 1 1
github.com/google/go-cmp/cmp/cmpopts/ignore.go:47.2,47.11 1 1
github.com/google/go-cmp/cmp/cmpopts/ignore.go:49.46,50.16 1 1
github.com/google/go-cmp/cmp/cmpopts/ignore.go:50.16,52.3 1 0
github.com/google/go-cmp/cmp/cmpopts/ignore.go:53.2,54.24 2 1
github.com/google/go-cmp/cmp/cmpopts/ignore.go:54.24,55.25 1 1
github.com/google/go-cmp/cmp/cmpopts/ignore.go:55.25,57.4 1 1
github.com/google/go-cmp/cmp/cmpopts/ignore.go:59.2,59.14 1 1
github.com/google/go-cmp/cmp/cmpopts/ignore.go:66.54,69.2 2 1
github.com/google/go-cmp/cmp/cmpopts/ignore.go:73.58,75.67 2 1
github.com/google/go-cmp/cmp/cmpopts/ignore.go:75.67,76.45 1 1
github.com/google/go-cmp/cmp/cmpopts/ignore.go:78.2,78.36 1 1
github.com/google/go-cmp/cmp/cmpopts/ignore.go:78.36,80.10 2 1
github.com/google/go-cmp/cmp/cmpopts/ignore.go:81.22,82.44 1 1
github.com/google/go-cmp/cmp/cmpopts/ignore.go:83.44,84.53 1 1
github.com/google/go-cmp/cmp/cmpopts/ignore.go:85.33,87.42 1 1
github.com/google/go-cmp/cmp/cmpopts/ignore.go:88.11,89.28 1 1
github.com/google/go-cmp/cmp/cmpopts/ignore.go:92.2,92.11 1 1
github.com/google/go-cmp/cmp/cmpopts/ignore.go:94.47,95.16 1 1
github.com/google/go-cmp/cmp/cmpopts/ignore.go:95.16,97.3 1 0
github.com/google/go-cmp/cmp/cmpopts/ignore.go:98.2,99.24 2 1
github.com/google/go-cmp/cmp/cmpopts/ignore.go:99.24,100.25 1 1
github.com/google/go-cmp/cmp/cmpopts/ignore.go:100.25,102.4 1 1
github.com/google/go-cmp/cmp/cmpopts/ignore.go:103.3,103.67 1 1
github.com/google/go-cmp/cmp/cmpopts/ignore.go:103.67,105.4 1 1
github.com/google/go-cmp/cmp/cmpopts/ignore.go:107.2,107.14 1 1
github.com/google/go-cmp/cmp/cmpopts/ignore.go:119.55,122.2 2 1
github.com/google/go-cmp/cmp/cmpopts/ignore.go:126.64,128.27 2 1
github.com/google/go-cmp/cmp/cmpopts/ignore.go:128.27,130.45 2 1
github.com/google/go-cmp/cmp/cmpopts/ignore.go:130.45,131.62 1 1
github.com/google/go-cmp/cmp/cmpopts/ignore.go:133.3,133.17 1 1
github.com/google/go-cmp/cmp/cmpopts/ignore.go:135.2,135.11 1 1
github.com/google/go-cmp/cmp/cmpopts/ignore.go:137.52,139.9 2 1
github.com/google/go-cmp/cmp/cmpopts/ignore.go:139.9,141.3 1 1
github.com/google/go-cmp/cmp/cmpopts/ignore.go:142.2,142.59 1 1
github.com/google/go-cmp/cmp/cmpopts/ignore.go:146.33,149.2 2 1
github.com/google/go-cmp/cmp/cmpopts/ignore.go:155.62,157.72 2 1
github.com/google/go-cmp/cmp/cmpopts/ignore.go:157.72,158.66 1 0
github.com/google/go-cmp/cmp/cmpopts/ignore.go:160.2,160.46 1 1
github.com/google/go-cmp/cmp/cmpopts/ignore.go:160.46,162.10 2 1
github.com/google/go-cmp/cmp/cmpopts/ignore.go:162.10,164.4 1 1
github.com/google/go-cmp/cmp/cmpopts/ignore.go:165.3,165.47 1 1
github.com/google/go-cmp/cmp/cmpopts/ignore.go:165.47,167.4 1 1
github.com/google/go-cmp/cmp/cmpopts/ignore.go:168.3,169.61 2 1
github.com/google/go-cmp/cmp/cmpopts/ignore.go:169.61,171.4 1 1
github.com/google/go-cmp/cmp/cmpopts/ignore.go:172.3,172.61 1 1
github.com/google/go-cmp/cmp/cmpopts/ignore.go:172.61,174.4 1 1
github.com/google/go-cmp/cmp/cmpopts/ignore.go:175.3,175.15 1 1
github.com/google/go-cmp/cmp/cmpopts/ignore.go:183.59,185.75 2 1
github.com/google/go-cmp/cmp/cmpopts/ignore.go:185.75,186.66 1 0
github.com/google/go-cmp/cmp/cmpopts/ignore.go:188.2,188.46 1 1
github.com/google/go-cmp/cmp/cmpopts/ignore.go:188.46,190.10 2 1
github.com/google/go-cmp/cmp/cmpopts/ignore.go:190.10,192.4 1 1
github.com/google/go-cmp/cmp/cmpopts/ignore.go:193.3,193.97 1 1
github.com/google/go-cmp/cmp/cmpopts/ignore.go:193.97,195.4 1 1
github.com/google/go-cmp/cmp/cmpopts/ignore.go:196.3,198.64 3 1
github.com/google/go-cmp/cmp/cmpopts/ignore.go:198.64,200.4 1 1
github.com/google/go-cmp/cmp/cmpopts/ignore.go:201.3,201.64 1 1
github.com/google/go-cmp/cmp/cmpopts/ignore.go:201.64,203.4 1 1
github.com/google/go-cmp/cmp/cmpopts/ignore.go:204.3,204.15 1 1
github.com/google/go-cmp/cmp/cmpopts/sort.go:29.50,31.62 2 1
github.com/google/go-cmp/cmp/cmpopts/sort.go:31.62,32.60 1 1
github.com/google/go-cmp/cmp/cmpopts/sort.go:34.2,35.84 2 1
github.com/google/go-cmp/cmp/cmpopts/sort.go:43.53,47.36 2 1
github.com/google/go-cmp/cmp/cmpopts/sort.go:47.36,49.3 1 1
github.com/google/go-cmp/cmp/cmpopts/sort.go:52.2,52.51 1 1
github.com/google/go-cmp/cmp/cmpopts/sort.go:52.51,52.79 1 1
github.com/google/go-cmp/cmp/cmpopts/sort.go:53.2,53.51 1 1
github.com/google/go-cmp/cmp/cmpopts/sort.go:53.51,53.79 1 1
github.com/google/go-cmp/cmp/cmpopts/sort.go:54.2,54.21 1 1
github.com/google/go-cmp/cmp/cmpopts/sort.go:56.55,59.33 3 1
github.com/google/go-cmp/cmp/cmpopts/sort.go:59.33,61.3 1 1
github.com/google/go-cmp/cmp/cmpopts/sort.go:62.2,62.56 1 1
github.com/google/go-cmp/cmp/cmpopts/sort.go:62.56,62.85 1 1
github.com/google/go-cmp/cmp/cmpopts/sort.go:63.2,64.24 2 1
github.com/google/go-cmp/cmp/cmpopts/sort.go:66.50,68.31 2 1
github.com/google/go-cmp/cmp/cmpopts/sort.go:68.31,69.25 1 1
github.com/google/go-cmp/cmp/cmpopts/sort.go:69.25,71.72 1 1
github.com/google/go-cmp/cmp/cmpopts/sort.go:71.72,72.99 1 1
github.com/google/go-cmp/cmp/cmpopts/sort.go:74.4,74.14 1 1
github.com/google/go-cmp/cmp/cmpopts/sort.go:75.9,75.25 1 1
github.com/google/go-cmp/cmp/cmpopts/sort.go:75.25,77.4 1 1
github.com/google/go-cmp/cmp/cmpopts/sort.go:80.60,83.2 2 1
github.com/google/go-cmp/cmp/cmpopts/sort.go:100.48,102.62 2 1
github.com/google/go-cmp/cmp/cmpopts/sort.go:102.62,103.60 1 1
github.com/google/go-cmp/cmp/cmpopts/sort.go:105.2,106.82 2 1
github.com/google/go-cmp/cmp/cmpopts/sort.go:114.51,119.2 2 1
github.com/google/go-cmp/cmp/cmpopts/sort.go:120.53,127.34 4 1
github.com/google/go-cmp/cmp/cmpopts/sort.go:127.34,132.3 4 1
github.com/google/go-cmp/cmp/cmpopts/sort.go:133.2,133.50 1 1
github.com/google/go-cmp/cmp/cmpopts/sort.go:133.50,133.79 1 1
github.com/google/go-cmp/cmp/cmpopts/sort.go:134.2,135.24 2 1
github.com/google/go-cmp/cmp/cmpopts/sort.go:137.48,138.31 1 1
github.com/google/go-cmp/cmp/cmpopts/sort.go:138.31,139.26 1 1
github.com/google/go-cmp/cmp/cmpopts/sort.go:139.26,140.88 1 1
github.com/google/go-cmp/cmp/cmpopts/sort.go:144.58,147.2 2 1
github.com/google/go-cmp/cmp/cmpopts/struct_filter.go:21.75,28.2 2 0
github.com/google/go-cmp/cmp/cmpopts/struct_filter.go:35.69,44.44 2 1
github.com/google/go-cmp/cmp/cmpopts/struct_filter.go:44.44,45.61 1 1
github.com/google/go-cmp/cmp/cmpopts/struct_filter.go:47.2,48.29 2 1
github.com/google/go-cmp/cmp/cmpopts/struct_filter.go:48.29,50.17 2 1
github.com/google/go-cmp/cmp/cmpopts/struct_filter.go:50.17,51.63 1 1
github.com/google/go-cmp/cmp/cmpopts/struct_filter.go:53.3,53.19 1 1
github.com/google/go-cmp/cmp/cmpopts/struct_filter.go:55.2,55.28 1 1
github.com/google/go-cmp/cmp/cmpopts/struct_filter.go:58.48,59.23 1 1
github.com/google/go-cmp/cmp/cmpopts/struct_filter.go:59.23,60.65 1 1
github.com/google/go-cmp/cmp/cmpopts/struct_filter.go:60.65,62.4 1 1
github.com/google/go-cmp/cmp/cmpopts/struct_filter.go:64.2,64.14 1 1
github.com/google/go-cmp/cmp/cmpopts/struct_filter.go:97.45,98.19 1 1
github.com/google/go-cmp/cmp/cmpopts/struct_filter.go:98.19,100.3 1 1
github.com/google/go-cmp/cmp/cmpopts/struct_filter.go:101.2,101.21 1 1
github.com/google/go-cmp/cmp/cmpopts/struct_filter.go:101.21,104.3 2 1
github.com/google/go-cmp/cmp/cmpopts/struct_filter.go:105.2,107.24 3 1
github.com/google/go-cmp/cmp/cmpopts/struct_filter.go:112.50,113.23 1 1
github.com/google/go-cmp/cmp/cmpopts/struct_filter.go:113.23,114.26 1 1
github.com/google/go-cmp/cmp/cmpopts/struct_filter.go:115.24,117.13 2 1
github.com/google/go-cmp/cmp/cmpopts/struct_filter.go:117.13,119.5 1 1
github.com/google/go-cmp/cmp/cmpopts/struct_filter.go:120.4,120.24 1 1
github.com/google/go-cmp/cmp/cmpopts/struct_filter.go:120.24,122.5 1 1
github.com/google/go-cmp/cmp/cmpopts/struct_filter.go:123.21,123.21 0 1
github.com/google/go-cmp/cmp/cmpopts/struct_filter.go:124.11,125.16 1 0
github.com/google/go-cmp/cmp/cmpopts/struct_filter.go:128.2,128.14 1 1
github.com/google/go-cmp/cmp/cmpopts/struct_filter.go:143.66,146.15 3 1
github.com/google/go-cmp/cmp/cmpopts/struct_filter.go:146.15,148.3 1 1
github.com/google/go-cmp/cmp/cmpopts/struct_filter.go:149.2,149.45 1 1
github.com/google/go-cmp/cmp/cmpopts/struct_filter.go:149.45,151.3 1 1
github.com/google/go-cmp/cmp/cmpopts/struct_filter.go:151.8,153.3 1 1
github.com/google/go-cmp/cmp/cmpopts/struct_filter.go:156.2,156.29 1 1
github.com/google/go-cmp/cmp/cmpopts/struct_filter.go:156.29,158.3 1 1
github.com/google/go-cmp/cmp/cmpopts/struct_filter.go:159.2,159.32 1 1
github.com/google/go-cmp/cmp/cmpopts/struct_filter.go:159.32,161.3 1 1
github.com/google/go-cmp/cmp/cmpopts/struct_filter.go:165.2,166.23 2 1
github.com/google/go-cmp/cmp/cmpopts/struct_filter.go:166.23,171.54 2 1
github.com/google/go-cmp/cmp/cmpopts/struct_filter.go:171.54,172.31 1 1
github.com/google/go-cmp/cmp/cmpopts/struct_filter.go:172.31,174.5 1 1
github.com/google/go-cmp/cmp/cmpopts/struct_filter.go:177.2,177.19 1 1
github.com/google/go-cmp/cmp/cmpopts/struct_filter.go:177.19,179.3 1 1
github.com/google/go-cmp/cmp/cmpopts/struct_filter.go:180.2,181.26 2 1
github.com/google/go-cmp/cmp/cmpopts/struct_filter.go:181.26,183.3 1 1
github.com/google/go-cmp/cmp/cmpopts/struct_filter.go:184.2,184.15 1 1
github.com/google/go-cmp/cmp/cmpopts/struct_filter.go:184.15,186.3 1 1
github.com/google/go-cmp/cmp/cmpopts/struct_filter.go:187.2,188.35 2 1
github.com/google/go-cmp/cmp/cmpopts/xform.go:13.47,14.23 1 1
github.com/google/go-cmp/cmp/cmpopts/xform.go:14.23,15.64 1 1
github.com/google/go-cmp/cmp/cmpopts/xform.go:15.64,17.4 1 1
github.com/google/go-cmp/cmp/cmpopts/xform.go:19.2,19.13 1 1
github.com/google/go-cmp/cmp/cmpopts/xform.go:33.72,36.2 2 1
github.com/google/go-cmp/cmp/internal/function/func.go:38.47,39.60 1 0
github.com/google/go-cmp/cmp/internal/function/func.go:39.60,41.3 1 0
github.com/google/go-cmp/cmp/internal/function/func.go:42.2,43.12 2 0
github.com/google/go-cmp/cmp/internal/function/func.go:44.14,45.49 1 0
github.com/google/go-cmp/cmp/internal/function/func.go:45.49,47.4 1 0
github.com/google/go-cmp/cmp/internal/function/func.go:48.15,49.71 1 0
github.com/google/go-cmp/cmp/internal/function/func.go:49.71,51.4 1 0
github.com/google/go-cmp/cmp/internal/function/func.go:52.15,53.49 1 0
github.com/google/go-cmp/cmp/internal/function/func.go:53.49,55.4 1 0
github.com/google/go-cmp/cmp/internal/function/func.go:56.15,57.82 1 0
github.com/google/go-cmp/cmp/internal/function/func.go:57.82,59.4 1 0
github.com/google/go-cmp/cmp/internal/function/func.go:60.14,61.25 1 0
github.com/google/go-cmp/cmp/internal/function/func.go:61.25,63.4 1 0
github.com/google/go-cmp/cmp/internal/function/func.go:65.2,65.14 1 0
github.com/google/go-cmp/cmp/internal/function/func.go:71.37,73.16 2 1
github.com/google/go-cmp/cmp/internal/function/func.go:73.16,75.3 1 0
github.com/google/go-cmp/cmp/internal/function/func.go:76.2,82.24 4 1
github.com/google/go-cmp/cmp/internal/function/func.go:82.24,87.14 4 1
github.com/google/go-cmp/cmp/internal/function/func.go:87.14,88.9 1 1
github.com/google/go-cmp/cmp/internal/function/func.go:90.3,93.67 3 1
github.com/google/go-cmp/cmp/internal/function/func.go:93.67,95.4 1 1
github.com/google/go-cmp/cmp/internal/function/func.go:96.3,96.47 1 1
github.com/google/go-cmp/cmp/internal/function/func.go:98.2,98.38 1 1
github.com/google/go-cmp/cmp/internal/diff/debug_disable.go:14.74,16.2 1 1
github.com/google/go-cmp/cmp/internal/diff/debug_disable.go:17.27,17.28 0 1
github.com/google/go-cmp/cmp/internal/diff/debug_disable.go:18.27,18.28 0 1
github.com/google/go-cmp/cmp/internal/diff/diff.go:42.38,44.23 2 1
github.com/google/go-cmp/cmp/internal/diff/diff.go:44.23,45.12 1 1
github.com/google/go-cmp/cmp/internal/diff/diff.go:46.17,47.14 1 1
github.com/google/go-cmp/cmp/internal/diff/diff.go:48.16,49.14 1 1
github.com/google/go-cmp/cmp/internal/diff/diff.go:50.16,51.14 1 1
github.com/google/go-cmp/cmp/internal/diff/diff.go:52.17,53.14 1 1
github.com/google/go-cmp/cmp/internal/diff/diff.go:54.11,55.30 1 0
github.com/google/go-cmp/cmp/internal/diff/diff.go:58.2,58.18 1 1
github.com/google/go-cmp/cmp/internal/diff/diff.go:62.63,63.23 1 1
github.com/google/go-cmp/cmp/internal/diff/diff.go:63.23,64.12 1 1
github.com/google/go-cmp/cmp/internal/diff/diff.go:65.17,66.10 1 1
github.com/google/go-cmp/cmp/internal/diff/diff.go:67.16,68.10 1 1
github.com/google/go-cmp/cmp/internal/diff/diff.go:69.16,70.10 1 1
github.com/google/go-cmp/cmp/internal/diff/diff.go:71.17,72.10 1 1
github.com/google/go-cmp/cmp/internal/diff/diff.go:73.11,74.30 1 0
github.com/google/go-cmp/cmp/internal/diff/diff.go:77.2,77.8 1 1
github.com/google/go-cmp/cmp/internal/diff/diff.go:82.33,82.67 1 0
github.com/google/go-cmp/cmp/internal/diff/diff.go:85.33,85.67 1 1
github.com/google/go-cmp/cmp/internal/diff/diff.go:88.33,88.67 1 1
github.com/google/go-cmp/cmp/internal/diff/diff.go:100.32,101.7 1 0
github.com/google/go-cmp/cmp/internal/diff/diff.go:101.7,103.3 1 0
github.com/google/go-cmp/cmp/internal/diff/diff.go:103.8,105.3 1 0
github.com/google/go-cmp/cmp/internal/diff/diff.go:110.30,110.55 1 1
github.com/google/go-cmp/cmp/internal/diff/diff.go:117.32,120.2 1 1
github.com/google/go-cmp/cmp/internal/diff/diff.go:138.58,223.37 7 1
github.com/google/go-cmp/cmp/internal/diff/diff.go:223.37,224.21 1 0
github.com/google/go-cmp/cmp/internal/diff/diff.go:225.8,226.21 1 1
github.com/google/go-cmp/cmp/internal/diff/diff.go:230.2,232.92 1 1
github.com/google/go-cmp/cmp/internal/diff/diff.go:232.92,233.21 1 1
github.com/google/go-cmp/cmp/internal/diff/diff.go:235.3,235.86 1 1
github.com/google/go-cmp/cmp/internal/diff/diff.go:235.86,239.11 3 1
github.com/google/go-cmp/cmp/internal/diff/diff.go:240.45,241.17 1 1
github.com/google/go-cmp/cmp/internal/diff/diff.go:242.45,243.17 1 1
github.com/google/go-cmp/cmp/internal/diff/diff.go:244.29,249.56 3 1
github.com/google/go-cmp/cmp/internal/diff/diff.go:249.56,250.42 1 1
github.com/google/go-cmp/cmp/internal/diff/diff.go:250.42,251.12 1 1
github.com/google/go-cmp/cmp/internal/diff/diff.go:253.6,253.30 1 1
github.com/google/go-cmp/cmp/internal/diff/diff.go:255.5,256.30 2 1
github.com/google/go-cmp/cmp/internal/diff/diff.go:257.12,258.19 1 1
github.com/google/go-cmp/cmp/internal/diff/diff.go:260.4,260.18 1 1
github.com/google/go-cmp/cmp/internal/diff/diff.go:263.3,263.57 1 1
github.com/google/go-cmp/cmp/internal/diff/diff.go:263.57,265.4 1 1
github.com/google/go-cmp/cmp/internal/diff/diff.go:265.9,267.4 1 1
github.com/google/go-cmp/cmp/internal/diff/diff.go:268.3,268.21 1 1
github.com/google/go-cmp/cmp/internal/diff/diff.go:272.2,274.92 1 1
github.com/google/go-cmp/cmp/internal/diff/diff.go:274.92,275.21 1 1
github.com/google/go-cmp/cmp/internal/diff/diff.go:277.3,277.86 1 1
github.com/google/go-cmp/cmp/internal/diff/diff.go:277.86,281.11 3 1
github.com/google/go-cmp/cmp/internal/diff/diff.go:282.45,283.17 1 1
github.com/google/go-cmp/cmp/internal/diff/diff.go:284.45,285.17 1 1
github.com/google/go-cmp/cmp/internal/diff/diff.go:286.33,291.56 3 1
github.com/google/go-cmp/cmp/internal/diff/diff.go:291.56,292.46 1 1
github.com/google/go-cmp/cmp/internal/diff/diff.go:292.46,293.12 1 1
github.com/google/go-cmp/cmp/internal/diff/diff.go:295.6,295.30 1 1
github.com/google/go-cmp/cmp/internal/diff/diff.go:297.5,298.30 2 1
github.com/google/go-cmp/cmp/internal/diff/diff.go:299.12,300.19 1 1
github.com/google/go-cmp/cmp/internal/diff/diff.go:302.4,302.18 1 1
github.com/google/go-cmp/cmp/internal/diff/diff.go:305.3,305.57 1 1
github.com/google/go-cmp/cmp/internal/diff/diff.go:305.57,307.4 1 1
github.com/google/go-cmp/cmp/internal/diff/diff.go:307.9,309.4 1 1
github.com/google/go-cmp/cmp/internal/diff/diff.go:310.3,310.21 1 1
github.com/google/go-cmp/cmp/internal/diff/diff.go:315.2,316.44 2 1
github.com/google/go-cmp/cmp/internal/diff/diff.go:316.44,320.3 3 1
github.com/google/go-cmp/cmp/internal/diff/diff.go:321.2,322.19 2 1
github.com/google/go-cmp/cmp/internal/diff/diff.go:333.48,334.15 1 1
github.com/google/go-cmp/cmp/internal/diff/diff.go:334.15,336.34 1 1
github.com/google/go-cmp/cmp/internal/diff/diff.go:336.34,337.29 1 1
github.com/google/go-cmp/cmp/internal/diff/diff.go:338.19,339.23 1 1
github.com/google/go-cmp/cmp/internal/diff/diff.go:340.21,341.23 1 1
github.com/google/go-cmp/cmp/internal/diff/diff.go:342.32,343.22 1 1
github.com/google/go-cmp/cmp/internal/diff/diff.go:344.12,345.22 1 1
github.com/google/go-cmp/cmp/internal/diff/diff.go:348.3,348.19 1 1
github.com/google/go-cmp/cmp/internal/diff/diff.go:348.19,350.4 1 1
github.com/google/go-cmp/cmp/internal/diff/diff.go:351.3,351.19 1 1
github.com/google/go-cmp/cmp/internal/diff/diff.go:351.19,353.4 1 1
github.com/google/go-cmp/cmp/internal/diff/diff.go:354.8,356.34 1 1
github.com/google/go-cmp/cmp/internal/diff/diff.go:356.34,357.33 1 1
github.com/google/go-cmp/cmp/internal/diff/diff.go:358.19,359.23 1 0
github.com/google/go-cmp/cmp/internal/diff/diff.go:360.21,361.23 1 1
github.com/google/go-cmp/cmp/internal/diff/diff.go:362.32,363.22 1 1
github.com/google/go-cmp/cmp/internal/diff/diff.go:364.12,365.22 1 1
github.com/google/go-cmp/cmp/internal/diff/diff.go:368.3,368.19 1 1
github.com/google/go-cmp/cmp/internal/diff/diff.go:368.19,370.4 1 1
github.com/google/go-cmp/cmp/internal/diff/diff.go:371.3,371.19 1 1
github.com/google/go-cmp/cmp/internal/diff/diff.go:371.19,373.4 1 1
github.com/google/go-cmp/cmp/internal/diff/diff.go:377.35,379.11 2 1
github.com/google/go-cmp/cmp/internal/diff/diff.go:380.26,381.22 1 1
github.com/google/go-cmp/cmp/internal/diff/diff.go:382.15,383.18 1 1
github.com/google/go-cmp/cmp/internal/diff/diff.go:384.15,385.18 1 1
github.com/google/go-cmp/cmp/internal/diff/diff.go:387.2,387.16 1 1
github.com/google/go-cmp/cmp/internal/diff/diff.go:392.33,392.57 2 1
github.com/google/go-cmp/cmp/internal/diff/diff.go:397.24,398.14 1 1
github.com/google/go-cmp/cmp/internal/diff/diff.go:398.14,400.3 1 1
github.com/google/go-cmp/cmp/internal/diff/diff.go:401.2,401.15 1 1
github.com/google/go-cmp/cmp/compare.go:93.51,97.2 3 1
github.com/google/go-cmp/cmp/compare.go:113.52,119.27 2 1
github.com/google/go-cmp/cmp/compare.go:119.27,121.23 2 1
github.com/google/go-cmp/cmp/compare.go:121.23,123.4 1 1
github.com/google/go-cmp/cmp/compare.go:124.3,124.27 1 1
github.com/google/go-cmp/cmp/compare.go:127.2,131.35 5 1
github.com/google/go-cmp/cmp/compare.go:131.35,132.56 1 0
github.com/google/go-cmp/cmp/compare.go:134.2,134.10 1 1
github.com/google/go-cmp/cmp/compare.go:139.42,146.62 4 1
github.com/google/go-cmp/cmp/compare.go:146.62,148.19 2 1
github.com/google/go-cmp/cmp/compare.go:148.19,152.4 3 1
github.com/google/go-cmp/cmp/compare.go:153.3,153.19 1 1
github.com/google/go-cmp/cmp/compare.go:153.19,157.4 3 1
github.com/google/go-cmp/cmp/compare.go:158.8,160.3 1 1
github.com/google/go-cmp/cmp/compare.go:162.2,162.29 1 1
github.com/google/go-cmp/cmp/compare.go:186.37,192.2 4 1
github.com/google/go-cmp/cmp/compare.go:194.43,195.27 1 1
github.com/google/go-cmp/cmp/compare.go:196.11,196.11 0 0
github.com/google/go-cmp/cmp/compare.go:197.15,198.25 1 1
github.com/google/go-cmp/cmp/compare.go:198.25,200.4 1 1
github.com/google/go-cmp/cmp/compare.go:201.18,205.59 2 1
github.com/google/go-cmp/cmp/compare.go:205.59,206.66 1 1
github.com/google/go-cmp/cmp/compare.go:208.3,208.31 1 1
github.com/google/go-cmp/cmp/compare.go:209.16,210.41 1 1
github.com/google/go-cmp/cmp/compare.go:211.16,212.41 1 1
github.com/google/go-cmp/cmp/compare.go:213.10,214.47 1 1
github.com/google/go-cmp/cmp/compare.go:221.61,234.2 7 1
github.com/google/go-cmp/cmp/compare.go:236.43,240.32 3 1
github.com/google/go-cmp/cmp/compare.go:240.32,243.3 2 1
github.com/google/go-cmp/cmp/compare.go:244.2,266.83 4 1
github.com/google/go-cmp/cmp/compare.go:266.83,270.14 3 1
github.com/google/go-cmp/cmp/compare.go:270.14,273.4 2 1
github.com/google/go-cmp/cmp/compare.go:274.3,274.30 1 1
github.com/google/go-cmp/cmp/compare.go:278.2,278.29 1 1
github.com/google/go-cmp/cmp/compare.go:278.29,280.3 1 1
github.com/google/go-cmp/cmp/compare.go:283.2,283.28 1 1
github.com/google/go-cmp/cmp/compare.go:283.28,285.3 1 1
github.com/google/go-cmp/cmp/compare.go:288.2,288.18 1 1
github.com/google/go-cmp/cmp/compare.go:289.20,290.38 1 1
github.com/google/go-cmp/cmp/compare.go:291.78,292.36 1 1
github.com/google/go-cmp/cmp/compare.go:293.100,294.38 1 1
github.com/google/go-cmp/cmp/compare.go:295.40,296.40 1 1
github.com/google/go-cmp/cmp/compare.go:297.45,298.44 1 0
github.com/google/go-cmp/cmp/compare.go:299.22,300.42 1 1
github.com/google/go-cmp/cmp/compare.go:301.43,302.44 1 0
github.com/google/go-cmp/cmp/compare.go:303.20,304.40 1 0
github.com/google/go-cmp/cmp/compare.go:305.22,306.29 1 1
github.com/google/go-cmp/cmp/compare.go:307.36,308.28 1 1
github.com/google/go-cmp/cmp/compare.go:309.19,310.26 1 1
github.com/google/go-cmp/cmp/compare.go:311.19,312.26 1 1
github.com/google/go-cmp/cmp/compare.go:313.25,314.32 1 1
github.com/google/go-cmp/cmp/compare.go:315.10,316.54 1 0
github.com/google/go-cmp/cmp/compare.go:320.71,322.52 1 1
github.com/google/go-cmp/cmp/compare.go:322.52,325.3 2 1
github.com/google/go-cmp/cmp/compare.go:326.2,326.14 1 1
github.com/google/go-cmp/cmp/compare.go:329.70,332.63 2 1
github.com/google/go-cmp/cmp/compare.go:332.63,334.3 1 1
github.com/google/go-cmp/cmp/compare.go:336.2,338.13 3 1
github.com/google/go-cmp/cmp/compare.go:341.78,342.26 1 1
github.com/google/go-cmp/cmp/compare.go:342.26,344.3 1 1
github.com/google/go-cmp/cmp/compare.go:349.2,353.69 5 1
github.com/google/go-cmp/cmp/compare.go:353.69,356.71 1 1
github.com/google/go-cmp/cmp/compare.go:356.71,358.4 1 1
github.com/google/go-cmp/cmp/compare.go:359.3,359.84 1 1
github.com/google/go-cmp/cmp/compare.go:361.2,361.13 1 1
github.com/google/go-cmp/cmp/compare.go:364.57,365.26 1 1
github.com/google/go-cmp/cmp/compare.go:365.26,367.3 1 1
github.com/google/go-cmp/cmp/compare.go:373.2,377.42 5 1
github.com/google/go-cmp/cmp/compare.go:377.42,378.101 1 1
github.com/google/go-cmp/cmp/compare.go:380.2,380.13 1 1
github.com/google/go-cmp/cmp/compare.go:383.80,385.15 2 1
github.com/google/go-cmp/cmp/compare.go:385.15,388.3 2 1
github.com/google/go-cmp/cmp/compare.go:389.2,389.21 1 1
github.com/google/go-cmp/cmp/compare.go:392.69,398.36 5 1
github.com/google/go-cmp/cmp/compare.go:398.36,405.22 7 1
github.com/google/go-cmp/cmp/compare.go:405.22,406.24 1 1
github.com/google/go-cmp/cmp/compare.go:406.24,407.13 1 0
github.com/google/go-cmp/cmp/compare.go:411.4,411.40 1 1
github.com/google/go-cmp/cmp/compare.go:411.40,418.5 3 1
github.com/google/go-cmp/cmp/compare.go:419.4,419.21 1 1
github.com/google/go-cmp/cmp/compare.go:419.21,420.36 1 1
github.com/google/go-cmp/cmp/compare.go:420.36,422.6 1 1
github.com/google/go-cmp/cmp/compare.go:423.5,423.24 1 1
github.com/google/go-cmp/cmp/compare.go:425.4,429.27 5 1
github.com/google/go-cmp/cmp/compare.go:431.3,431.21 1 1
github.com/google/go-cmp/cmp/compare.go:435.68,437.43 2 1
github.com/google/go-cmp/cmp/compare.go:437.43,440.3 2 1
github.com/google/go-cmp/cmp/compare.go:456.2,457.45 2 1
github.com/google/go-cmp/cmp/compare.go:457.45,458.14 1 1
github.com/google/go-cmp/cmp/compare.go:458.14,460.4 1 1
github.com/google/go-cmp/cmp/compare.go:460.9,462.4 1 1
github.com/google/go-cmp/cmp/compare.go:463.3,463.14 1 1
github.com/google/go-cmp/cmp/compare.go:463.14,465.4 1 1
github.com/google/go-cmp/cmp/compare.go:465.9,467.4 1 1
github.com/google/go-cmp/cmp/compare.go:468.3,468.14 1 1
github.com/google/go-cmp/cmp/compare.go:478.2,480.35 3 1
github.com/google/go-cmp/cmp/compare.go:480.35,482.15 2 1
github.com/google/go-cmp/cmp/compare.go:482.15,484.4 1 1
github.com/google/go-cmp/cmp/compare.go:485.3,485.39 1 1
github.com/google/go-cmp/cmp/compare.go:487.2,487.35 1 1
github.com/google/go-cmp/cmp/compare.go:487.35,489.15 2 1
github.com/google/go-cmp/cmp/compare.go:489.15,491.4 1 1
github.com/google/go-cmp/cmp/compare.go:492.3,492.39 1 1
github.com/google/go-cmp/cmp/compare.go:496.2,496.86 1 1
github.com/google/go-cmp/cmp/compare.go:496.86,498.3 1 1
github.com/google/go-cmp/cmp/compare.go:501.2,502.37 2 1
github.com/google/go-cmp/cmp/compare.go:502.37,504.10 2 1
github.com/google/go-cmp/cmp/compare.go:505.43,506.20 1 1
github.com/google/go-cmp/cmp/compare.go:507.43,508.20 1 1
github.com/google/go-cmp/cmp/compare.go:509.11,510.34 1 1
github.com/google/go-cmp/cmp/compare.go:512.3,512.12 1 1
github.com/google/go-cmp/cmp/compare.go:513.21,515.8 2 1
github.com/google/go-cmp/cmp/compare.go:516.21,518.8 2 1
github.com/google/go-cmp/cmp/compare.go:519.11,522.8 3 1
github.com/google/go-cmp/cmp/compare.go:527.66,528.30 1 1
github.com/google/go-cmp/cmp/compare.go:528.30,531.3 2 1
github.com/google/go-cmp/cmp/compare.go:534.2,534.52 1 1
github.com/google/go-cmp/cmp/compare.go:534.52,537.3 2 1
github.com/google/go-cmp/cmp/compare.go:538.2,543.74 3 1
github.com/google/go-cmp/cmp/compare.go:543.74,547.47 4 1
github.com/google/go-cmp/cmp/compare.go:547.47,563.72 2 0
github.com/google/go-cmp/cmp/compare.go:565.3,565.21 1 1
github.com/google/go-cmp/cmp/compare.go:569.66,570.30 1 1
github.com/google/go-cmp/cmp/compare.go:570.30,573.3 2 1
github.com/google/go-cmp/cmp/compare.go:576.2,576.52 1 1
github.com/google/go-cmp/cmp/compare.go:576.52,579.3 2 1
github.com/google/go-cmp/cmp/compare.go:580.2,583.63 3 1
github.com/google/go-cmp/cmp/compare.go:586.72,587.30 1 1
github.com/google/go-cmp/cmp/compare.go:587.30,590.3 2 1
github.com/google/go-cmp/cmp/compare.go:591.2,592.28 2 1
github.com/google/go-cmp/cmp/compare.go:592.28,595.3 2 1
github.com/google/go-cmp/cmp/compare.go:596.2,596.74 1 1
github.com/google/go-cmp/cmp/compare.go:599.49,600.28 1 1
github.com/google/go-cmp/cmp/compare.go:600.28,601.9 1 1
github.com/google/go-cmp/cmp/compare.go:601.9,604.4 2 1
github.com/google/go-cmp/cmp/compare.go:604.9,607.4 2 1
github.com/google/go-cmp/cmp/compare.go:609.2,609.32 1 1
github.com/google/go-cmp/cmp/compare.go:609.32,611.3 1 1
github.com/google/go-cmp/cmp/compare.go:622.37,624.18 2 1
github.com/google/go-cmp/cmp/compare.go:624.18,626.3 1 1
github.com/google/go-cmp/cmp/compare.go:627.2,627.22 1 1
github.com/google/go-cmp/cmp/compare.go:627.22,629.3 1 1
github.com/google/go-cmp/cmp/compare.go:630.2,635.23 4 1
github.com/google/go-cmp/cmp/compare.go:635.23,636.34 1 1
github.com/google/go-cmp/cmp/compare.go:636.34,638.17 2 1
github.com/google/go-cmp/cmp/compare.go:638.17,641.5 2 1
github.com/google/go-cmp/cmp/compare.go:642.4,642.10 1 1
github.com/google/go-cmp/cmp/compare.go:645.2,645.17 1 1
github.com/google/go-cmp/cmp/compare.go:645.17,649.58 4 1
github.com/google/go-cmp/cmp/compare.go:668.35,670.8 2 1
github.com/google/go-cmp/cmp/compare.go:670.8,673.3 2 1
github.com/google/go-cmp/cmp/compare.go:674.2,675.11 2 1
github.com/google/go-cmp/cmp/compare.go:681.53,682.17 1 1
github.com/google/go-cmp/cmp/compare.go:682.17,684.3 1 1
github.com/google/go-cmp/cmp/compare.go:685.2,687.11 3 1
github.com/google/go-cmp/cmp/export_unsafe.go:23.95,25.11 2 1
github.com/google/go-cmp/cmp/export_unsafe.go:25.11,30.51 1 1
github.com/google/go-cmp/cmp/export_unsafe.go:30.51,32.4 1 1
github.com/google/go-cmp/cmp/export_unsafe.go:33.3,33.57 1 1
github.com/google/go-cmp/cmp/export_unsafe.go:35.2,35.11 1 1
github.com/google/go-cmp/cmp/options.go:57.23,57.24 0 0
github.com/google/go-cmp/cmp/options.go:68.99,69.27 1 1
github.com/google/go-cmp/cmp/options.go:69.27,70.54 1 1
github.com/google/go-cmp/cmp/options.go:71.15,72.19 1 1
github.com/google/go-cmp/cmp/options.go:73.18,74.21 1 1
github.com/google/go-cmp/cmp/options.go:75.41,76.22 1 1
github.com/google/go-cmp/cmp/options.go:77.13,78.14 1 1
github.com/google/go-cmp/cmp/options.go:79.19,79.19 0 1
github.com/google/go-cmp/cmp/options.go:81.42,82.28 1 1
github.com/google/go-cmp/cmp/options.go:86.2,86.12 1 1
github.com/google/go-cmp/cmp/options.go:89.57,93.48 4 1
github.com/google/go-cmp/cmp/options.go:93.48,95.3 1 1
github.com/google/go-cmp/cmp/options.go:96.2,97.75 2 1
github.com/google/go-cmp/cmp/options.go:100.37,102.27 2 0
github.com/google/go-cmp/cmp/options.go:102.27,104.3 1 0
github.com/google/go-cmp/cmp/options.go:105.2,105.59 1 0
github.com/google/go-cmp/cmp/options.go:118.55,119.14 1 1
github.com/google/go-cmp/cmp/options.go:119.14,120.40 1 1
github.com/google/go-cmp/cmp/options.go:122.2,122.45 1 1
github.com/google/go-cmp/cmp/options.go:122.45,124.3 1 1
github.com/google/go-cmp/cmp/options.go:125.2,125.12 1 0
github.com/google/go-cmp/cmp/options.go:134.93,135.22 1 1
github.com/google/go-cmp/cmp/options.go:135.22,137.3 1 1
github.com/google/go-cmp/cmp/options.go:138.2,138.12 1 1
github.com/google/go-cmp/cmp/options.go:141.37,143.2 1 0
github.com/google/go-cmp/cmp/options.go:159.53,161.67 2 1
github.com/google/go-cmp/cmp/options.go:161.67,162.62 1 1
github.com/google/go-cmp/cmp/options.go:164.2,164.45 1 1
github.com/google/go-cmp/cmp/options.go:164.45,166.81 2 1
github.com/google/go-cmp/cmp/options.go:166.81,168.4 1 1
github.com/google/go-cmp/cmp/options.go:169.3,169.12 1 1
github.com/google/go-cmp/cmp/options.go:171.2,171.12 1 0
github.com/google/go-cmp/cmp/options.go:181.95,182.80 1 1
github.com/google/go-cmp/cmp/options.go:182.80,184.3 1 1
github.com/google/go-cmp/cmp/options.go:185.2,185.77 1 1
github.com/google/go-cmp/cmp/options.go:185.77,187.3 1 1
github.com/google/go-cmp/cmp/options.go:188.2,188.12 1 1
github.com/google/go-cmp/cmp/options.go:191.39,193.2 1 0
github.com/google/go-cmp/cmp/options.go:198.22,198.41 1 1
github.com/google/go-cmp/cmp/options.go:202.85,202.101 1 1
github.com/google/go-cmp/cmp/options.go:203.85,203.104 1 1
github.com/google/go-cmp/cmp/options.go:204.85,204.119 1 1
github.com/google/go-cmp/cmp/options.go:205.85,205.106 1 1
github.com/google/go-cmp/cmp/options.go:212.90,213.36 1 1
github.com/google/go-cmp/cmp/options.go:213.36,215.3 1 1
github.com/google/go-cmp/cmp/options.go:216.2,216.46 1 1
github.com/google/go-cmp/cmp/options.go:216.46,218.3 1 1
github.com/google/go-cmp/cmp/options.go:219.2,219.12 1 1
github.com/google/go-cmp/cmp/options.go:221.56,223.36 1 1
github.com/google/go-cmp/cmp/options.go:223.36,226.3 2 1
github.com/google/go-cmp/cmp/options.go:229.2,229.46 1 1
github.com/google/go-cmp/cmp/options.go:229.46,232.54 3 1
github.com/google/go-cmp/cmp/options.go:232.54,235.55 2 1
github.com/google/go-cmp/cmp/options.go:235.55,237.5 1 1
github.com/google/go-cmp/cmp/options.go:238.9,241.55 2 1
github.com/google/go-cmp/cmp/options.go:241.55,243.5 1 1
github.com/google/go-cmp/cmp/options.go:244.4,244.54 1 1
github.com/google/go-cmp/cmp/options.go:246.3,246.96 1 1
github.com/google/go-cmp/cmp/options.go:249.2,249.24 1 0
github.com/google/go-cmp/cmp/options.go:277.53,279.67 2 1
github.com/google/go-cmp/cmp/options.go:279.67,280.60 1 1
github.com/google/go-cmp/cmp/options.go:282.2,282.16 1 1
github.com/google/go-cmp/cmp/options.go:282.16,284.34 2 1
github.com/google/go-cmp/cmp/options.go:284.34,286.4 1 0
github.com/google/go-cmp/cmp/options.go:287.8,287.40 1 1
github.com/google/go-cmp/cmp/options.go:287.40,288.47 1 1
github.com/google/go-cmp/cmp/options.go:290.2,291.80 2 1
github.com/google/go-cmp/cmp/options.go:291.80,293.3 1 1
github.com/google/go-cmp/cmp/options.go:294.2,294.11 1 1
github.com/google/go-cmp/cmp/options.go:304.42,304.66 1 1
github.com/google/go-cmp/cmp/options.go:306.94,307.43 1 1
github.com/google/go-cmp/cmp/options.go:307.43,308.45 1 1
github.com/google/go-cmp/cmp/options.go:308.45,309.9 1 1
github.com/google/go-cmp/cmp/options.go:310.9,310.27 1 1
github.com/google/go-cmp/cmp/options.go:310.27,312.4 1 1
github.com/google/go-cmp/cmp/options.go:314.2,314.45 1 1
github.com/google/go-cmp/cmp/options.go:314.45,316.3 1 1
github.com/google/go-cmp/cmp/options.go:317.2,317.12 1 1
github.com/google/go-cmp/cmp/options.go:320.62,326.2 5 1
github.com/google/go-cmp/cmp/options.go:328.39,330.2 1 1
github.com/google/go-cmp/cmp/options.go:344.37,346.61 2 1
github.com/google/go-cmp/cmp/options.go:346.61,347.57 1 1
github.com/google/go-cmp/cmp/options.go:349.2,350.80 2 1
github.com/google/go-cmp/cmp/options.go:350.80,352.3 1 1
github.com/google/go-cmp/cmp/options.go:353.2,353.11 1 1
github.com/google/go-cmp/cmp/options.go:362.39,362.63 1 1
github.com/google/go-cmp/cmp/options.go:364.91,365.45 1 1
github.com/google/go-cmp/cmp/options.go:365.45,367.3 1 1
github.com/google/go-cmp/cmp/options.go:368.2,368.12 1 1
github.com/google/go-cmp/cmp/options.go:371.59,374.2 2 1
github.com/google/go-cmp/cmp/options.go:376.36,378.2 1 1
github.com/google/go-cmp/cmp/options.go:405.49,406.23 1 0
github.com/google/go-cmp/cmp/options.go:406.23,407.54 1 0
github.com/google/go-cmp/cmp/options.go:409.2,409.20 1 0
github.com/google/go-cmp/cmp/options.go:414.87,415.26 1 0
github.com/google/go-cmp/cmp/options.go:422.51,424.28 2 1
github.com/google/go-cmp/cmp/options.go:424.28,426.33 2 1
github.com/google/go-cmp/cmp/options.go:426.33,427.54 1 1
github.com/google/go-cmp/cmp/options.go:429.3,429.14 1 1
github.com/google/go-cmp/cmp/options.go:431.2,431.44 1 1
github.com/google/go-cmp/cmp/options.go:431.44,431.59 1 1
github.com/google/go-cmp/cmp/options.go:443.30,445.2 1 1
github.com/google/go-cmp/cmp/options.go:449.33,451.2 1 1
github.com/google/go-cmp/cmp/options.go:454.33,456.2 1 1
github.com/google/go-cmp/cmp/options.go:459.31,461.2 1 1
github.com/google/go-cmp/cmp/options.go:464.32,466.2 1 0
github.com/google/go-cmp/cmp/options.go:509.11,511.2 1 1
github.com/google/go-cmp/cmp/options.go:520.87,521.26 1 0
github.com/google/go-cmp/cmp/options.go:527.41,528.62 1 1
github.com/google/go-cmp/cmp/options.go:529.9,530.13 1 0
github.com/google/go-cmp/cmp/options.go:531.9,532.17 1 1
github.com/google/go-cmp/cmp/options.go:533.10,534.14 1 1
github.com/google/go-cmp/cmp/options.go:540.47,541.26 1 1
github.com/google/go-cmp/cmp/options.go:541.26,542.28 1 1
github.com/google/go-cmp/cmp/options.go:543.12,544.12 1 0
github.com/google/go-cmp/cmp/options.go:545.16,546.34 1 1
github.com/google/go-cmp/cmp/options.go:547.19,548.26 1 1
github.com/google/go-cmp/cmp/options.go:549.11,550.54 1 1
github.com/google/go-cmp/cmp/options.go:553.2,553.12 1 1
github.com/google/go-cmp/cmp/path.go:65.34,67.2 1 1
github.com/google/go-cmp/cmp/path.go:69.23,71.2 1 1
github.com/google/go-cmp/cmp/path.go:75.32,77.2 1 1
github.com/google/go-cmp/cmp/path.go:83.38,84.11 1 1
github.com/google/go-cmp/cmp/path.go:84.11,86.3 1 1
github.com/google/go-cmp/cmp/path.go:87.2,87.27 1 1
github.com/google/go-cmp/cmp/path.go:87.27,89.3 1 0
github.com/google/go-cmp/cmp/path.go:90.2,90.14 1 1
github.com/google/go-cmp/cmp/path.go:99.32,101.23 2 0
github.com/google/go-cmp/cmp/path.go:101.23,102.35 1 0
github.com/google/go-cmp/cmp/path.go:102.35,104.4 1 0
github.com/google/go-cmp/cmp/path.go:106.2,106.54 1 0
github.com/google/go-cmp/cmp/path.go:114.34,117.23 3 1
github.com/google/go-cmp/cmp/path.go:117.23,119.20 2 1
github.com/google/go-cmp/cmp/path.go:119.20,121.4 1 1
github.com/google/go-cmp/cmp/path.go:122.3,122.24 1 1
github.com/google/go-cmp/cmp/path.go:123.17,126.27 3 1
github.com/google/go-cmp/cmp/path.go:127.18,128.13 1 0
github.com/google/go-cmp/cmp/path.go:129.21,130.18 1 1
github.com/google/go-cmp/cmp/path.go:131.13,132.25 1 0
github.com/google/go-cmp/cmp/path.go:134.4,134.23 1 1
github.com/google/go-cmp/cmp/path.go:134.23,137.5 2 0
github.com/google/go-cmp/cmp/path.go:138.4,139.12 2 1
github.com/google/go-cmp/cmp/path.go:140.18,143.12 3 0
github.com/google/go-cmp/cmp/path.go:145.3,145.38 1 1
github.com/google/go-cmp/cmp/path.go:147.2,147.54 1 1
github.com/google/go-cmp/cmp/path.go:147.54,149.3 1 0
github.com/google/go-cmp/cmp/path.go:150.2,150.59 1 1
github.com/google/go-cmp/cmp/path.go:158.52,158.69 1 1
github.com/google/go-cmp/cmp/path.go:159.52,159.75 1 1
github.com/google/go-cmp/cmp/path.go:160.36,161.19 1 1
github.com/google/go-cmp/cmp/path.go:161.19,163.3 1 0
github.com/google/go-cmp/cmp/path.go:164.2,165.47 2 1
github.com/google/go-cmp/cmp/path.go:165.47,167.3 1 1
github.com/google/go-cmp/cmp/path.go:168.2,168.31 1 1
github.com/google/go-cmp/cmp/path.go:187.43,187.60 1 1
github.com/google/go-cmp/cmp/path.go:188.55,189.20 1 1
github.com/google/go-cmp/cmp/path.go:189.20,191.3 1 1
github.com/google/go-cmp/cmp/path.go:194.2,194.17 1 1
github.com/google/go-cmp/cmp/path.go:194.17,198.3 3 1
github.com/google/go-cmp/cmp/path.go:199.2,199.21 1 1
github.com/google/go-cmp/cmp/path.go:201.39,201.77 1 1
github.com/google/go-cmp/cmp/path.go:204.37,204.55 1 1
github.com/google/go-cmp/cmp/path.go:208.35,208.52 1 0
github.com/google/go-cmp/cmp/path.go:218.54,218.71 1 1
github.com/google/go-cmp/cmp/path.go:219.54,219.77 1 1
github.com/google/go-cmp/cmp/path.go:220.38,221.9 1 1
github.com/google/go-cmp/cmp/path.go:222.26,223.38 1 1
github.com/google/go-cmp/cmp/path.go:224.21,226.41 1 1
github.com/google/go-cmp/cmp/path.go:227.21,229.41 1 0
github.com/google/go-cmp/cmp/path.go:230.10,232.51 1 0
github.com/google/go-cmp/cmp/path.go:237.32,238.24 1 0
github.com/google/go-cmp/cmp/path.go:238.24,240.3 1 0
github.com/google/go-cmp/cmp/path.go:241.2,241.16 1 0
github.com/google/go-cmp/cmp/path.go:253.47,253.74 1 0
github.com/google/go-cmp/cmp/path.go:262.52,262.69 1 1
github.com/google/go-cmp/cmp/path.go:263.52,263.75 1 1
github.com/google/go-cmp/cmp/path.go:264.52,264.91 1 1
github.com/google/go-cmp/cmp/path.go:267.40,267.57 1 1
github.com/google/go-cmp/cmp/path.go:275.52,275.69 1 1
github.com/google/go-cmp/cmp/path.go:276.52,276.75 1 1
github.com/google/go-cmp/cmp/path.go:277.52,277.66 1 0
github.com/google/go-cmp/cmp/path.go:285.57,285.74 1 1
github.com/google/go-cmp/cmp/path.go:286.57,286.80 1 1
github.com/google/go-cmp/cmp/path.go:287.57,287.121 1 1
github.com/google/go-cmp/cmp/path.go:296.53,296.70 1 1
github.com/google/go-cmp/cmp/path.go:297.53,297.76 1 1
github.com/google/go-cmp/cmp/path.go:298.53,298.98 1 0
github.com/google/go-cmp/cmp/path.go:301.35,301.59 1 1
github.com/google/go-cmp/cmp/path.go:304.42,304.65 1 0
github.com/google/go-cmp/cmp/path.go:308.37,308.56 1 1
github.com/google/go-cmp/cmp/path.go:344.30,347.2 2 1
github.com/google/go-cmp/cmp/path.go:356.71,361.16 5 1
github.com/google/go-cmp/cmp/path.go:361.16,364.3 2 1
github.com/google/go-cmp/cmp/path.go:365.2,368.21 3 1
github.com/google/go-cmp/cmp/path.go:372.48,375.2 2 1
github.com/google/go-cmp/cmp/path.go:378.33,381.2 2 1
github.com/google/go-cmp/cmp/report.go:23.49,25.19 2 1
github.com/google/go-cmp/cmp/report.go:25.19,27.3 1 1
github.com/google/go-cmp/cmp/report.go:29.45,31.2 1 1
github.com/google/go-cmp/cmp/report.go:32.37,34.2 1 1
github.com/google/go-cmp/cmp/report.go:39.43,41.25 2 1
github.com/google/go-cmp/cmp/report.go:41.25,43.3 1 0
github.com/google/go-cmp/cmp/report.go:44.2,47.22 4 1
github.com/google/go-cmp/cmp/report.go:50.22,51.9 1 1
github.com/google/go-cmp/cmp/report.go:51.9,52.29 1 0
github.com/google/go-cmp/cmp/report_compare.go:56.66,59.2 2 1
github.com/google/go-cmp/cmp/report_compare.go:60.66,63.2 2 1
github.com/google/go-cmp/cmp/report_compare.go:64.66,68.2 3 1
github.com/google/go-cmp/cmp/report_compare.go:69.44,70.9 1 1
github.com/google/go-cmp/cmp/report_compare.go:71.31,72.11 1 0
github.com/google/go-cmp/cmp/report_compare.go:73.32,74.12 1 0
github.com/google/go-cmp/cmp/report_compare.go:75.10,76.35 1 1
github.com/google/go-cmp/cmp/report_compare.go:84.63,86.11 2 1
github.com/google/go-cmp/cmp/report_compare.go:86.11,88.3 1 1
github.com/google/go-cmp/cmp/report_compare.go:89.2,89.29 1 1
github.com/google/go-cmp/cmp/report_compare.go:89.29,92.3 2 1
github.com/google/go-cmp/cmp/report_compare.go:93.2,93.13 1 1
github.com/google/go-cmp/cmp/report_compare.go:98.92,99.36 1 1
github.com/google/go-cmp/cmp/report_compare.go:99.36,101.3 1 1
github.com/google/go-cmp/cmp/report_compare.go:101.8,101.33 1 1
github.com/google/go-cmp/cmp/report_compare.go:101.33,103.3 1 1
github.com/google/go-cmp/cmp/report_compare.go:107.2,107.32 1 1
github.com/google/go-cmp/cmp/report_compare.go:107.32,109.3 1 1
github.com/google/go-cmp/cmp/report_compare.go:111.2,112.55 2 1
github.com/google/go-cmp/cmp/report_compare.go:112.55,114.3 1 1
github.com/google/go-cmp/cmp/report_compare.go:118.2,120.37 3 1
github.com/google/go-cmp/cmp/report_compare.go:120.37,121.24 1 1
github.com/google/go-cmp/cmp/report_compare.go:122.35,124.22 1 1
github.com/google/go-cmp/cmp/report_compare.go:124.22,127.43 3 1
github.com/google/go-cmp/cmp/report_compare.go:127.43,129.6 1 0
github.com/google/go-cmp/cmp/report_compare.go:129.11,129.39 1 1
github.com/google/go-cmp/cmp/report_compare.go:129.39,131.6 1 1
github.com/google/go-cmp/cmp/report_compare.go:131.11,133.6 1 1
github.com/google/go-cmp/cmp/report_compare.go:137.4,141.95 5 1
github.com/google/go-cmp/cmp/report_compare.go:141.95,145.5 3 1
github.com/google/go-cmp/cmp/report_compare.go:146.4,146.19 1 1
github.com/google/go-cmp/cmp/report_compare.go:146.19,148.5 1 1
github.com/google/go-cmp/cmp/report_compare.go:149.4,149.19 1 1
github.com/google/go-cmp/cmp/report_compare.go:149.19,151.5 1 1
github.com/google/go-cmp/cmp/report_compare.go:152.4,152.63 1 1
github.com/google/go-cmp/cmp/report_compare.go:153.20,154.55 1 1
github.com/google/go-cmp/cmp/report_compare.go:155.21,156.55 1 1
github.com/google/go-cmp/cmp/report_compare.go:157.11,158.30 1 0
github.com/google/go-cmp/cmp/report_compare.go:163.2,163.33 1 1
github.com/google/go-cmp/cmp/report_compare.go:163.33,166.16 3 1
github.com/google/go-cmp/cmp/report_compare.go:166.16,166.59 1 1
github.com/google/go-cmp/cmp/report_compare.go:170.2,170.29 1 1
github.com/google/go-cmp/cmp/report_compare.go:170.29,174.3 3 1
github.com/google/go-cmp/cmp/report_compare.go:174.8,175.32 1 1
github.com/google/go-cmp/cmp/report_compare.go:176.53,178.38 2 1
github.com/google/go-cmp/cmp/report_compare.go:179.20,186.38 5 1
github.com/google/go-cmp/cmp/report_compare.go:187.20,194.44 5 1
github.com/google/go-cmp/cmp/report_compare.go:195.26,196.63 1 1
github.com/google/go-cmp/cmp/report_compare.go:197.11,198.52 1 0
github.com/google/go-cmp/cmp/report_compare.go:200.3,200.13 1 1
github.com/google/go-cmp/cmp/report_compare.go:204.113,208.11 3 1
github.com/google/go-cmp/cmp/report_compare.go:209.22,212.44 3 1
github.com/google/go-cmp/cmp/report_compare.go:212.44,212.65 1 1
github.com/google/go-cmp/cmp/report_compare.go:213.36,216.42 3 1
github.com/google/go-cmp/cmp/report_compare.go:216.42,216.55 1 1
github.com/google/go-cmp/cmp/report_compare.go:217.19,220.44 3 1
github.com/google/go-cmp/cmp/report_compare.go:220.44,220.83 1 1
github.com/google/go-cmp/cmp/report_compare.go:223.2,224.25 2 1
github.com/google/go-cmp/cmp/report_compare.go:224.25,225.37 1 1
github.com/google/go-cmp/cmp/report_compare.go:225.37,227.4 1 1
github.com/google/go-cmp/cmp/report_compare.go:227.9,229.4 1 1
github.com/google/go-cmp/cmp/report_compare.go:230.3,230.24 1 1
github.com/google/go-cmp/cmp/report_compare.go:234.2,234.23 1 1
github.com/google/go-cmp/cmp/report_compare.go:235.48,238.26 3 1
github.com/google/go-cmp/cmp/report_compare.go:238.26,239.27 1 1
github.com/google/go-cmp/cmp/report_compare.go:239.27,241.10 2 1
github.com/google/go-cmp/cmp/report_compare.go:245.4,245.27 1 1
github.com/google/go-cmp/cmp/report_compare.go:245.27,247.26 2 1
github.com/google/go-cmp/cmp/report_compare.go:248.24,249.65 1 1
github.com/google/go-cmp/cmp/report_compare.go:250.22,251.38 1 1
github.com/google/go-cmp/cmp/report_compare.go:252.23,253.38 1 1
github.com/google/go-cmp/cmp/report_compare.go:255.5,255.15 1 1
github.com/google/go-cmp/cmp/report_compare.go:255.15,256.14 1 1
github.com/google/go-cmp/cmp/report_compare.go:260.4,260.70 1 1
github.com/google/go-cmp/cmp/report_compare.go:260.70,262.26 2 1
github.com/google/go-cmp/cmp/report_compare.go:262.26,264.6 1 1
github.com/google/go-cmp/cmp/report_compare.go:265.5,265.13 1 1
github.com/google/go-cmp/cmp/report_compare.go:267.4,267.57 1 1
github.com/google/go-cmp/cmp/report_compare.go:267.57,269.5 1 1
github.com/google/go-cmp/cmp/report_compare.go:271.3,271.23 1 1
github.com/google/go-cmp/cmp/report_compare.go:271.23,273.4 1 1
github.com/google/go-cmp/cmp/report_compare.go:274.3,274.58 1 1
github.com/google/go-cmp/cmp/report_compare.go:275.19,275.19 0 1
github.com/google/go-cmp/cmp/report_compare.go:276.10,277.29 1 0
github.com/google/go-cmp/cmp/report_compare.go:281.2,286.28 6 1
github.com/google/go-cmp/cmp/report_compare.go:286.28,287.40 1 1
github.com/google/go-cmp/cmp/report_compare.go:287.40,289.12 2 1
github.com/google/go-cmp/cmp/report_compare.go:293.3,293.24 1 1
github.com/google/go-cmp/cmp/report_compare.go:293.24,297.70 3 1
github.com/google/go-cmp/cmp/report_compare.go:297.70,298.77 1 1
github.com/google/go-cmp/cmp/report_compare.go:298.77,299.11 1 1
github.com/google/go-cmp/cmp/report_compare.go:301.5,301.12 1 1
github.com/google/go-cmp/cmp/report_compare.go:303.4,303.82 1 1
github.com/google/go-cmp/cmp/report_compare.go:303.82,304.88 1 1
github.com/google/go-cmp/cmp/report_compare.go:304.88,305.11 1 1
github.com/google/go-cmp/cmp/report_compare.go:307.5,307.12 1 1
github.com/google/go-cmp/cmp/report_compare.go:309.4,309.57 1 1
github.com/google/go-cmp/cmp/report_compare.go:309.57,311.5 1 1
github.com/google/go-cmp/cmp/report_compare.go:314.4,314.35 1 1
github.com/google/go-cmp/cmp/report_compare.go:314.35,318.5 3 1
github.com/google/go-cmp/cmp/report_compare.go:319.4,319.30 1 1
github.com/google/go-cmp/cmp/report_compare.go:319.30,322.31 3 1
github.com/google/go-cmp/cmp/report_compare.go:322.31,324.6 1 1
github.com/google/go-cmp/cmp/report_compare.go:326.4,326.54 1 1
github.com/google/go-cmp/cmp/report_compare.go:326.54,330.5 3 1
github.com/google/go-cmp/cmp/report_compare.go:331.4,332.12 2 1
github.com/google/go-cmp/cmp/report_compare.go:336.3,336.41 1 1
github.com/google/go-cmp/cmp/report_compare.go:336.41,337.11 1 1
github.com/google/go-cmp/cmp/report_compare.go:338.42,341.31 3 1
github.com/google/go-cmp/cmp/report_compare.go:342.49,345.96 3 1
github.com/google/go-cmp/cmp/report_compare.go:345.96,349.6 3 1
github.com/google/go-cmp/cmp/report_compare.go:350.5,350.20 1 1
github.com/google/go-cmp/cmp/report_compare.go:350.20,353.6 2 1
github.com/google/go-cmp/cmp/report_compare.go:354.5,354.20 1 1
github.com/google/go-cmp/cmp/report_compare.go:354.20,357.6 2 1
github.com/google/go-cmp/cmp/report_compare.go:358.12,361.31 3 1
github.com/google/go-cmp/cmp/report_compare.go:364.3,365.27 2 1
github.com/google/go-cmp/cmp/report_compare.go:367.2,367.23 1 1
github.com/google/go-cmp/cmp/report_compare.go:367.23,369.3 1 1
github.com/google/go-cmp/cmp/report_compare.go:369.8,371.29 2 1
github.com/google/go-cmp/cmp/report_compare.go:371.29,373.4 1 1
github.com/google/go-cmp/cmp/report_compare.go:375.2,379.22 2 1
github.com/google/go-cmp/cmp/report_compare.go:379.22,382.32 3 1
github.com/google/go-cmp/cmp/report_compare.go:382.32,383.25 1 1
github.com/google/go-cmp/cmp/report_compare.go:383.25,386.65 3 1
github.com/google/go-cmp/cmp/report_compare.go:386.65,388.19 2 1
github.com/google/go-cmp/cmp/report_compare.go:388.19,389.12 1 1
github.com/google/go-cmp/cmp/report_compare.go:392.5,392.31 1 1
github.com/google/go-cmp/cmp/report_compare.go:395.3,395.16 1 1
github.com/google/go-cmp/cmp/report_compare.go:395.16,396.27 1 1
github.com/google/go-cmp/cmp/report_compare.go:396.27,397.20 1 1
github.com/google/go-cmp/cmp/report_compare.go:397.20,399.6 1 1
github.com/google/go-cmp/cmp/report_compare.go:404.2,404.57 1 1
github.com/google/go-cmp/cmp/report_compare.go:409.85,411.38 2 1
github.com/google/go-cmp/cmp/report_compare.go:411.38,412.20 1 1
github.com/google/go-cmp/cmp/report_compare.go:412.20,415.4 2 1
github.com/google/go-cmp/cmp/report_compare.go:416.3,416.32 1 1
github.com/google/go-cmp/cmp/report_compare.go:418.2,418.25 1 1
github.com/google/go-cmp/cmp/report_compare.go:418.25,419.25 1 1
github.com/google/go-cmp/cmp/report_compare.go:420.56,421.29 1 1
github.com/google/go-cmp/cmp/report_compare.go:422.24,423.31 1 1
github.com/google/go-cmp/cmp/report_compare.go:424.47,425.29 1 1
github.com/google/go-cmp/cmp/report_compare.go:426.47,427.30 1 1
github.com/google/go-cmp/cmp/report_compare.go:428.11,429.30 1 1
github.com/google/go-cmp/cmp/report_compare.go:432.2,432.15 1 1
github.com/google/go-cmp/cmp/report_references.go:22.61,24.25 2 1
github.com/google/go-cmp/cmp/report_references.go:24.25,26.3 1 1
github.com/google/go-cmp/cmp/report_references.go:27.2,27.16 1 1
github.com/google/go-cmp/cmp/report_references.go:27.16,29.3 1 1
github.com/google/go-cmp/cmp/report_references.go:30.2,30.29 1 1
github.com/google/go-cmp/cmp/report_references.go:36.107,37.27 1 1
github.com/google/go-cmp/cmp/report_references.go:37.27,39.3 1 1
github.com/google/go-cmp/cmp/report_references.go:40.2,40.27 1 1
github.com/google/go-cmp/cmp/report_references.go:40.27,42.3 1 1
github.com/google/go-cmp/cmp/report_references.go:43.2,43.11 1 1
github.com/google/go-cmp/cmp/report_references.go:44.34,45.66 1 1
github.com/google/go-cmp/cmp/report_references.go:46.19,47.62 1 1
github.com/google/go-cmp/cmp/report_references.go:48.20,49.62 1 1
github.com/google/go-cmp/cmp/report_references.go:51.2,52.11 2 1
github.com/google/go-cmp/cmp/report_references.go:55.81,57.25 2 1
github.com/google/go-cmp/cmp/report_references.go:57.25,58.31 1 1
github.com/google/go-cmp/cmp/report_references.go:58.31,60.4 1 1
github.com/google/go-cmp/cmp/report_references.go:62.2,63.17 2 1
github.com/google/go-cmp/cmp/report_references.go:66.36,68.2 1 1
github.com/google/go-cmp/cmp/report_references.go:82.68,83.9 1 1
github.com/google/go-cmp/cmp/report_references.go:84.21,85.62 1 1
github.com/google/go-cmp/cmp/report_references.go:86.21,87.62 1 1
github.com/google/go-cmp/cmp/report_references.go:88.22,89.62 1 0
github.com/google/go-cmp/cmp/report_references.go:90.10,91.60 1 1
github.com/google/go-cmp/cmp/report_references.go:94.82,96.18 2 1
github.com/google/go-cmp/cmp/report_references.go:96.18,98.3 1 1
github.com/google/go-cmp/cmp/report_references.go:99.2,99.73 1 1
github.com/google/go-cmp/cmp/report_references.go:101.69,104.18 3 1
github.com/google/go-cmp/cmp/report_references.go:104.18,106.3 1 0
github.com/google/go-cmp/cmp/report_references.go:107.2,107.74 1 1
github.com/google/go-cmp/cmp/report_references.go:114.36,116.49 2 1
github.com/google/go-cmp/cmp/report_references.go:116.49,118.24 2 1
github.com/google/go-cmp/cmp/report_references.go:119.18,120.25 1 1
github.com/google/go-cmp/cmp/report_references.go:121.17,122.24 1 1
github.com/google/go-cmp/cmp/report_references.go:122.24,124.5 1 1
github.com/google/go-cmp/cmp/report_references.go:129.2,130.32 2 1
github.com/google/go-cmp/cmp/report_references.go:130.32,131.33 1 1
github.com/google/go-cmp/cmp/report_references.go:131.33,132.29 1 1
github.com/google/go-cmp/cmp/report_references.go:133.23,134.31 1 1
github.com/google/go-cmp/cmp/report_references.go:135.41,136.31 1 1
github.com/google/go-cmp/cmp/report_references.go:142.2,142.22 1 1
github.com/google/go-cmp/cmp/report_references.go:142.22,144.3 1 1
github.com/google/go-cmp/cmp/report_references.go:147.2,148.30 2 1
github.com/google/go-cmp/cmp/report_references.go:148.30,150.3 1 1
github.com/google/go-cmp/cmp/report_references.go:156.2,157.34 2 1
github.com/google/go-cmp/cmp/report_references.go:157.34,158.34 1 1
github.com/google/go-cmp/cmp/report_references.go:158.34,160.4 1 1
github.com/google/go-cmp/cmp/report_references.go:161.3,161.39 1 1
github.com/google/go-cmp/cmp/report_references.go:163.2,163.31 1 1
github.com/google/go-cmp/cmp/report_references.go:163.31,164.37 1 1
github.com/google/go-cmp/cmp/report_references.go:165.23,166.15 1 1
github.com/google/go-cmp/cmp/report_references.go:167.24,170.11 3 1
github.com/google/go-cmp/cmp/report_references.go:171.22,174.39 2 1
github.com/google/go-cmp/cmp/report_references.go:175.54,175.54 0 1
github.com/google/go-cmp/cmp/report_references.go:177.12,180.20 2 1
github.com/google/go-cmp/cmp/report_references.go:187.2,189.23 3 1
github.com/google/go-cmp/cmp/report_references.go:189.23,193.3 3 1
github.com/google/go-cmp/cmp/report_references.go:194.2,194.31 1 1
github.com/google/go-cmp/cmp/report_references.go:194.31,195.37 1 1
github.com/google/go-cmp/cmp/report_references.go:196.23,197.37 1 1
github.com/google/go-cmp/cmp/report_references.go:197.37,199.12 2 1
github.com/google/go-cmp/cmp/report_references.go:199.12,202.6 2 1
github.com/google/go-cmp/cmp/report_references.go:203.5,203.76 1 1
github.com/google/go-cmp/cmp/report_references.go:205.24,208.24 3 1
github.com/google/go-cmp/cmp/report_references.go:208.24,212.15 4 1
github.com/google/go-cmp/cmp/report_references.go:212.15,215.13 3 1
github.com/google/go-cmp/cmp/report_references.go:215.13,218.7 2 1
github.com/google/go-cmp/cmp/report_references.go:218.12,222.7 3 1
github.com/google/go-cmp/cmp/report_references.go:223.6,223.77 1 1
github.com/google/go-cmp/cmp/report_references.go:224.11,225.24 1 1
github.com/google/go-cmp/cmp/report_references.go:225.24,228.7 2 0
github.com/google/go-cmp/cmp/report_references.go:229.6,229.24 1 1
github.com/google/go-cmp/cmp/report_references.go:229.24,232.7 2 1
github.com/google/go-cmp/cmp/report_references.go:233.6,233.13 1 1
github.com/google/go-cmp/cmp/report_references.go:234.28,235.104 1 0
github.com/google/go-cmp/cmp/report_references.go:236.18,237.79 1 0
github.com/google/go-cmp/cmp/report_references.go:238.18,239.79 1 1
github.com/google/go-cmp/cmp/report_references.go:247.2,247.30 1 1
github.com/google/go-cmp/cmp/report_references.go:247.30,248.60 1 1
github.com/google/go-cmp/cmp/report_references.go:248.60,250.4 1 1
github.com/google/go-cmp/cmp/report_references.go:254.38,256.2 1 1
github.com/google/go-cmp/cmp/report_references.go:258.55,259.18 1 1
github.com/google/go-cmp/cmp/report_references.go:259.18,261.3 1 1
github.com/google/go-cmp/cmp/report_references.go:262.2,263.49 2 0
github.com/google/go-cmp/cmp/report_reflect.go:51.75,53.23 1 1
github.com/google/go-cmp/cmp/report_reflect.go:54.16,55.19 1 1
github.com/google/go-cmp/cmp/report_reflect.go:56.66,57.24 1 1
github.com/google/go-cmp/cmp/report_reflect.go:57.24,59.5 1 1
github.com/google/go-cmp/cmp/report_reflect.go:60.11,61.12 1 1
github.com/google/go-cmp/cmp/report_reflect.go:63.3,63.37 1 1
github.com/google/go-cmp/cmp/report_reflect.go:63.37,65.4 1 1
github.com/google/go-cmp/cmp/report_reflect.go:66.17,67.11 1 1
github.com/google/go-cmp/cmp/report_reflect.go:71.2,72.20 2 1
github.com/google/go-cmp/cmp/report_reflect.go:72.20,75.19 1 1
github.com/google/go-cmp/cmp/report_reflect.go:76.48,77.35 1 1
github.com/google/go-cmp/cmp/report_reflect.go:80.2,80.58 1 1
github.com/google/go-cmp/cmp/report_reflect.go:86.38,88.33 2 1
github.com/google/go-cmp/cmp/report_reflect.go:88.33,90.29 1 1
github.com/google/go-cmp/cmp/report_reflect.go:91.55,93.47 2 1
github.com/google/go-cmp/cmp/report_reflect.go:93.47,95.5 1 1
github.com/google/go-cmp/cmp/report_reflect.go:99.3,101.29 3 1
github.com/google/go-cmp/cmp/report_reflect.go:101.29,103.4 1 1
github.com/google/go-cmp/cmp/report_reflect.go:105.2,105.20 1 1
github.com/google/go-cmp/cmp/report_reflect.go:105.20,108.3 2 0
github.com/google/go-cmp/cmp/report_reflect.go:109.2,109.54 1 1
github.com/google/go-cmp/cmp/report_reflect.go:114.121,115.18 1 1
github.com/google/go-cmp/cmp/report_reflect.go:115.18,117.3 1 1
github.com/google/go-cmp/cmp/report_reflect.go:118.2,121.33 2 1
github.com/google/go-cmp/cmp/report_reflect.go:121.33,123.14 2 1
github.com/google/go-cmp/cmp/report_reflect.go:123.14,125.4 1 1
github.com/google/go-cmp/cmp/report_reflect.go:126.3,127.16 2 1
github.com/google/go-cmp/cmp/report_reflect.go:127.16,127.64 1 1
github.com/google/go-cmp/cmp/report_reflect.go:131.2,131.45 1 1
github.com/google/go-cmp/cmp/report_reflect.go:131.45,134.79 1 1
github.com/google/go-cmp/cmp/report_reflect.go:134.79,136.11 2 1
github.com/google/go-cmp/cmp/report_reflect.go:136.11,138.18 1 1
github.com/google/go-cmp/cmp/report_reflect.go:138.18,138.31 1 1
github.com/google/go-cmp/cmp/report_reflect.go:139.5,139.38 1 1
github.com/google/go-cmp/cmp/report_reflect.go:140.16,142.18 2 1
github.com/google/go-cmp/cmp/report_reflect.go:143.23,145.18 2 1
github.com/google/go-cmp/cmp/report_reflect.go:148.4,148.20 1 1
github.com/google/go-cmp/cmp/report_reflect.go:148.20,150.5 1 1
github.com/google/go-cmp/cmp/report_reflect.go:155.2,156.15 2 1
github.com/google/go-cmp/cmp/report_reflect.go:156.15,157.16 1 1
github.com/google/go-cmp/cmp/report_reflect.go:157.16,159.4 1 1
github.com/google/go-cmp/cmp/report_reflect.go:162.2,162.18 1 1
github.com/google/go-cmp/cmp/report_reflect.go:163.20,164.40 1 1
github.com/google/go-cmp/cmp/report_reflect.go:165.78,166.39 1 1
github.com/google/go-cmp/cmp/report_reflect.go:167.68,168.40 1 1
github.com/google/go-cmp/cmp/report_reflect.go:169.21,170.65 1 1
github.com/google/go-cmp/cmp/report_reflect.go:170.65,172.4 1 1
github.com/google/go-cmp/cmp/report_reflect.go:173.3,173.40 1 1
github.com/google/go-cmp/cmp/report_reflect.go:174.23,175.39 1 0
github.com/google/go-cmp/cmp/report_reflect.go:176.40,177.41 1 1
github.com/google/go-cmp/cmp/report_reflect.go:178.45,179.43 1 0
github.com/google/go-cmp/cmp/report_reflect.go:180.22,181.43 1 1
github.com/google/go-cmp/cmp/report_reflect.go:182.57,183.59 1 0
github.com/google/go-cmp/cmp/report_reflect.go:184.22,188.26 4 1
github.com/google/go-cmp/cmp/report_reflect.go:188.26,191.4 2 1
github.com/google/go-cmp/cmp/report_reflect.go:192.3,192.37 1 1
github.com/google/go-cmp/cmp/report_reflect.go:192.37,194.19 2 1
github.com/google/go-cmp/cmp/report_reflect.go:194.19,195.13 1 1
github.com/google/go-cmp/cmp/report_reflect.go:197.4,197.27 1 1
github.com/google/go-cmp/cmp/report_reflect.go:197.27,199.10 2 1
github.com/google/go-cmp/cmp/report_reflect.go:201.4,202.48 2 1
github.com/google/go-cmp/cmp/report_reflect.go:202.48,204.5 1 1
github.com/google/go-cmp/cmp/report_reflect.go:205.4,206.59 2 1
github.com/google/go-cmp/cmp/report_reflect.go:208.3,208.58 1 1
github.com/google/go-cmp/cmp/report_reflect.go:209.21,210.16 1 1
github.com/google/go-cmp/cmp/report_reflect.go:210.16,212.4 1 1
github.com/google/go-cmp/cmp/report_reflect.go:215.3,215.27 1 1
github.com/google/go-cmp/cmp/report_reflect.go:215.27,217.38 2 1
github.com/google/go-cmp/cmp/report_reflect.go:217.38,217.89 1 1
github.com/google/go-cmp/cmp/report_reflect.go:218.4,218.80 1 1
github.com/google/go-cmp/cmp/report_reflect.go:218.80,222.5 3 1
github.com/google/go-cmp/cmp/report_reflect.go:225.3,225.14 1 1
github.com/google/go-cmp/cmp/report_reflect.go:226.21,228.26 2 1
github.com/google/go-cmp/cmp/report_reflect.go:228.26,231.4 2 1
github.com/google/go-cmp/cmp/report_reflect.go:232.3,233.32 2 1
github.com/google/go-cmp/cmp/report_reflect.go:233.32,234.27 1 1
github.com/google/go-cmp/cmp/report_reflect.go:234.27,236.10 2 1
github.com/google/go-cmp/cmp/report_reflect.go:238.4,239.45 2 1
github.com/google/go-cmp/cmp/report_reflect.go:242.3,243.55 2 1
github.com/google/go-cmp/cmp/report_reflect.go:243.55,246.4 2 1
github.com/google/go-cmp/cmp/report_reflect.go:247.3,247.13 1 1
github.com/google/go-cmp/cmp/report_reflect.go:248.19,249.16 1 1
github.com/google/go-cmp/cmp/report_reflect.go:249.16,251.4 1 1
github.com/google/go-cmp/cmp/report_reflect.go:254.3,255.14 2 1
github.com/google/go-cmp/cmp/report_reflect.go:255.14,257.4 1 1
github.com/google/go-cmp/cmp/report_reflect.go:258.3,261.26 3 1
github.com/google/go-cmp/cmp/report_reflect.go:261.26,264.4 2 1
github.com/google/go-cmp/cmp/report_reflect.go:265.3,266.49 2 1
github.com/google/go-cmp/cmp/report_reflect.go:266.49,267.27 1 1
github.com/google/go-cmp/cmp/report_reflect.go:267.27,269.10 2 0
github.com/google/go-cmp/cmp/report_reflect.go:271.4,273.55 3 1
github.com/google/go-cmp/cmp/report_reflect.go:276.3,278.13 3 1
github.com/google/go-cmp/cmp/report_reflect.go:279.19,280.16 1 1
github.com/google/go-cmp/cmp/report_reflect.go:280.16,282.4 1 1
github.com/google/go-cmp/cmp/report_reflect.go:285.3,286.14 2 1
github.com/google/go-cmp/cmp/report_reflect.go:286.14,289.4 2 1
github.com/google/go-cmp/cmp/report_reflect.go:290.3,295.28 2 1
github.com/google/go-cmp/cmp/report_reflect.go:295.28,297.4 1 1
github.com/google/go-cmp/cmp/report_reflect.go:298.3,301.13 4 1
github.com/google/go-cmp/cmp/report_reflect.go:302.25,303.16 1 1
github.com/google/go-cmp/cmp/report_reflect.go:303.16,305.4 1 1
github.com/google/go-cmp/cmp/report_reflect.go:308.3,308.75 1 1
github.com/google/go-cmp/cmp/report_reflect.go:309.10,310.54 1 0
github.com/google/go-cmp/cmp/report_reflect.go:314.67,317.25 3 1
github.com/google/go-cmp/cmp/report_reflect.go:317.25,320.3 2 1
github.com/google/go-cmp/cmp/report_reflect.go:325.2,327.52 3 1
github.com/google/go-cmp/cmp/report_reflect.go:327.52,329.36 2 1
github.com/google/go-cmp/cmp/report_reflect.go:329.36,331.4 1 1
github.com/google/go-cmp/cmp/report_reflect.go:332.3,333.182 2 1
github.com/google/go-cmp/cmp/report_reflect.go:335.2,335.20 1 1
github.com/google/go-cmp/cmp/report_reflect.go:335.20,338.30 3 1
github.com/google/go-cmp/cmp/report_reflect.go:338.30,339.69 1 1
github.com/google/go-cmp/cmp/report_reflect.go:339.69,342.10 3 0
github.com/google/go-cmp/cmp/report_reflect.go:344.4,344.97 1 1
github.com/google/go-cmp/cmp/report_reflect.go:346.3,347.58 2 1
github.com/google/go-cmp/cmp/report_reflect.go:351.2,351.39 1 1
github.com/google/go-cmp/cmp/report_reflect.go:351.39,353.3 1 1
github.com/google/go-cmp/cmp/report_reflect.go:354.2,354.43 1 1
github.com/google/go-cmp/cmp/report_reflect.go:359.87,370.2 10 1
github.com/google/go-cmp/cmp/report_reflect.go:373.36,377.27 2 1
github.com/google/go-cmp/cmp/report_reflect.go:377.27,379.3 1 1
github.com/google/go-cmp/cmp/report_reflect.go:383.2,383.34 1 1
github.com/google/go-cmp/cmp/report_reflect.go:383.34,385.3 1 1
github.com/google/go-cmp/cmp/report_reflect.go:386.2,386.65 1 1
github.com/google/go-cmp/cmp/report_reflect.go:386.65,388.3 1 1
github.com/google/go-cmp/cmp/report_reflect.go:389.2,389.11 1 1
github.com/google/go-cmp/cmp/report_reflect.go:393.33,395.9 2 1
github.com/google/go-cmp/cmp/report_reflect.go:396.17,397.15 1 1
github.com/google/go-cmp/cmp/report_reflect.go:398.19,399.15 1 0
github.com/google/go-cmp/cmp/report_reflect.go:400.21,401.15 1 0
github.com/google/go-cmp/cmp/report_reflect.go:402.23,403.15 1 1
github.com/google/go-cmp/cmp/report_reflect.go:404.25,405.16 1 0
github.com/google/go-cmp/cmp/report_reflect.go:406.27,407.16 1 0
github.com/google/go-cmp/cmp/report_reflect.go:408.29,409.16 1 0
github.com/google/go-cmp/cmp/report_reflect.go:410.31,411.16 1 0
github.com/google/go-cmp/cmp/report_reflect.go:413.2,413.26 1 1
github.com/google/go-cmp/cmp/report_slices.go:22.65,23.9 1 1
github.com/google/go-cmp/cmp/report_slices.go:24.36,25.15 1 1
github.com/google/go-cmp/cmp/report_slices.go:26.22,27.15 1 0
github.com/google/go-cmp/cmp/report_slices.go:28.50,29.15 1 1
github.com/google/go-cmp/cmp/report_slices.go:30.24,31.15 1 1
github.com/google/go-cmp/cmp/report_slices.go:32.28,33.15 1 1
github.com/google/go-cmp/cmp/report_slices.go:34.25,35.15 1 1
github.com/google/go-cmp/cmp/report_slices.go:36.49,44.15 1 1
github.com/google/go-cmp/cmp/report_slices.go:48.2,50.105 3 1
github.com/google/go-cmp/cmp/report_slices.go:50.105,53.3 2 1
github.com/google/go-cmp/cmp/report_slices.go:56.2,56.18 1 1
github.com/google/go-cmp/cmp/report_slices.go:57.22,57.22 0 1
github.com/google/go-cmp/cmp/report_slices.go:58.36,60.26 1 1
github.com/google/go-cmp/cmp/report_slices.go:63.90,63.90 0 1
github.com/google/go-cmp/cmp/report_slices.go:64.11,65.16 1 1
github.com/google/go-cmp/cmp/report_slices.go:69.3,69.68 1 1
github.com/google/go-cmp/cmp/report_slices.go:69.68,71.4 1 1
github.com/google/go-cmp/cmp/report_slices.go:75.3,75.28 1 1
github.com/google/go-cmp/cmp/report_slices.go:75.28,77.4 1 1
github.com/google/go-cmp/cmp/report_slices.go:78.10,79.15 1 1
github.com/google/go-cmp/cmp/report_slices.go:83.2,84.55 2 1
github.com/google/go-cmp/cmp/report_slices.go:90.66,93.35 3 1
github.com/google/go-cmp/cmp/report_slices.go:93.35,97.3 3 1
github.com/google/go-cmp/cmp/report_slices.go:100.2,103.9 4 1
github.com/google/go-cmp/cmp/report_slices.go:104.34,106.18 2 1
github.com/google/go-cmp/cmp/report_slices.go:107.57,109.18 2 1
github.com/google/go-cmp/cmp/report_slices.go:110.33,115.20 4 1
github.com/google/go-cmp/cmp/report_slices.go:117.2,117.14 1 1
github.com/google/go-cmp/cmp/report_slices.go:117.14,119.29 2 1
github.com/google/go-cmp/cmp/report_slices.go:119.29,121.73 2 1
github.com/google/go-cmp/cmp/report_slices.go:121.73,123.5 1 1
github.com/google/go-cmp/cmp/report_slices.go:124.4,124.17 1 1
github.com/google/go-cmp/cmp/report_slices.go:124.17,125.35 1 1
github.com/google/go-cmp/cmp/report_slices.go:125.35,127.6 1 1
github.com/google/go-cmp/cmp/report_slices.go:128.5,129.15 2 1
github.com/google/go-cmp/cmp/report_slices.go:132.3,139.22 5 1
github.com/google/go-cmp/cmp/report_slices.go:139.22,142.80 3 1
github.com/google/go-cmp/cmp/report_slices.go:142.80,144.5 1 1
github.com/google/go-cmp/cmp/report_slices.go:145.4,145.78 1 1
github.com/google/go-cmp/cmp/report_slices.go:145.78,147.5 1 1
github.com/google/go-cmp/cmp/report_slices.go:148.4,153.87 6 1
github.com/google/go-cmp/cmp/report_slices.go:158.2,160.9 3 1
github.com/google/go-cmp/cmp/report_slices.go:163.23,166.49 1 1
github.com/google/go-cmp/cmp/report_slices.go:166.49,169.5 2 1
github.com/google/go-cmp/cmp/report_slices.go:171.3,196.26 7 1
github.com/google/go-cmp/cmp/report_slices.go:196.26,197.36 1 1
github.com/google/go-cmp/cmp/report_slices.go:197.36,200.47 3 1
github.com/google/go-cmp/cmp/report_slices.go:200.47,201.28 1 1
github.com/google/go-cmp/cmp/report_slices.go:201.28,203.7 1 1
github.com/google/go-cmp/cmp/report_slices.go:204.6,204.14 1 1
github.com/google/go-cmp/cmp/report_slices.go:206.5,206.38 1 1
github.com/google/go-cmp/cmp/report_slices.go:206.38,208.6 1 1
github.com/google/go-cmp/cmp/report_slices.go:209.5,210.19 2 1
github.com/google/go-cmp/cmp/report_slices.go:211.22,213.38 2 1
github.com/google/go-cmp/cmp/report_slices.go:214.23,216.38 2 1
github.com/google/go-cmp/cmp/report_slices.go:218.5,218.24 1 1
github.com/google/go-cmp/cmp/report_slices.go:218.24,219.11 1 1
github.com/google/go-cmp/cmp/report_slices.go:221.5,222.24 2 1
github.com/google/go-cmp/cmp/report_slices.go:224.4,224.58 1 1
github.com/google/go-cmp/cmp/report_slices.go:224.58,227.5 2 1
github.com/google/go-cmp/cmp/report_slices.go:228.4,228.28 1 1
github.com/google/go-cmp/cmp/report_slices.go:230.3,230.88 1 1
github.com/google/go-cmp/cmp/report_slices.go:230.88,232.4 1 1
github.com/google/go-cmp/cmp/report_slices.go:233.3,234.21 2 1
github.com/google/go-cmp/cmp/report_slices.go:234.21,236.20 2 1
github.com/google/go-cmp/cmp/report_slices.go:237.24,238.24 1 1
github.com/google/go-cmp/cmp/report_slices.go:238.24,240.6 1 1
github.com/google/go-cmp/cmp/report_slices.go:241.23,245.34 2 1
github.com/google/go-cmp/cmp/report_slices.go:247.4,247.14 1 1
github.com/google/go-cmp/cmp/report_slices.go:253.20,256.49 1 1
github.com/google/go-cmp/cmp/report_slices.go:256.49,259.5 2 1
github.com/google/go-cmp/cmp/report_slices.go:265.16,268.49 1 1
github.com/google/go-cmp/cmp/report_slices.go:268.49,270.34 2 1
github.com/google/go-cmp/cmp/report_slices.go:270.34,272.6 1 1
github.com/google/go-cmp/cmp/report_slices.go:273.5,275.69 3 1
github.com/google/go-cmp/cmp/report_slices.go:282.10,284.38 2 1
github.com/google/go-cmp/cmp/report_slices.go:284.38,286.4 1 0
github.com/google/go-cmp/cmp/report_slices.go:286.9,287.27 1 1
github.com/google/go-cmp/cmp/report_slices.go:288.11,289.19 1 1
github.com/google/go-cmp/cmp/report_slices.go:290.12,291.19 1 1
github.com/google/go-cmp/cmp/report_slices.go:292.12,293.18 1 1
github.com/google/go-cmp/cmp/report_slices.go:294.12,295.18 1 0
github.com/google/go-cmp/cmp/report_slices.go:298.3,300.49 1 1
github.com/google/go-cmp/cmp/report_slices.go:300.49,302.34 2 1
github.com/google/go-cmp/cmp/report_slices.go:302.34,303.29 1 1
github.com/google/go-cmp/cmp/report_slices.go:304.82,305.52 1 1
github.com/google/go-cmp/cmp/report_slices.go:306.72,307.53 1 1
github.com/google/go-cmp/cmp/report_slices.go:308.42,309.52 1 1
github.com/google/go-cmp/cmp/report_slices.go:310.97,311.58 1 1
github.com/google/go-cmp/cmp/report_slices.go:314.5,315.51 2 1
github.com/google/go-cmp/cmp/report_slices.go:321.2,322.19 2 1
github.com/google/go-cmp/cmp/report_slices.go:322.19,325.33 1 1
github.com/google/go-cmp/cmp/report_slices.go:325.33,327.4 1 1
github.com/google/go-cmp/cmp/report_slices.go:328.3,328.33 1 1
github.com/google/go-cmp/cmp/report_slices.go:330.2,330.18 1 1
github.com/google/go-cmp/cmp/report_slices.go:331.22,333.22 2 1
github.com/google/go-cmp/cmp/report_slices.go:333.22,335.4 1 0
github.com/google/go-cmp/cmp/report_slices.go:336.21,338.21 2 1
github.com/google/go-cmp/cmp/report_slices.go:338.21,340.4 1 0
github.com/google/go-cmp/cmp/report_slices.go:342.2,342.12 1 1
github.com/google/go-cmp/cmp/report_slices.go:347.35,349.30 2 1
github.com/google/go-cmp/cmp/report_slices.go:349.30,350.33 1 1
github.com/google/go-cmp/cmp/report_slices.go:350.33,352.4 1 1
github.com/google/go-cmp/cmp/report_slices.go:354.2,354.18 1 1
github.com/google/go-cmp/cmp/report_slices.go:360.19,361.30 1 1
github.com/google/go-cmp/cmp/report_slices.go:361.30,363.3 1 1
github.com/google/go-cmp/cmp/report_slices.go:364.2,364.73 1 1
github.com/google/go-cmp/cmp/report_slices.go:364.73,366.3 1 1
github.com/google/go-cmp/cmp/report_slices.go:368.2,368.56 1 1
github.com/google/go-cmp/cmp/report_slices.go:368.56,370.19 2 1
github.com/google/go-cmp/cmp/report_slices.go:370.19,372.19 2 1
github.com/google/go-cmp/cmp/report_slices.go:372.19,374.5 1 1
github.com/google/go-cmp/cmp/report_slices.go:375.4,376.27 2 1
github.com/google/go-cmp/cmp/report_slices.go:378.3,378.22 1 1
github.com/google/go-cmp/cmp/report_slices.go:381.2,383.25 3 1
github.com/google/go-cmp/cmp/report_slices.go:383.25,386.3 2 1
github.com/google/go-cmp/cmp/report_slices.go:388.2,392.28 5 1
github.com/google/go-cmp/cmp/report_slices.go:392.28,393.40 1 1
github.com/google/go-cmp/cmp/report_slices.go:393.40,395.12 2 1
github.com/google/go-cmp/cmp/report_slices.go:399.3,399.24 1 1
github.com/google/go-cmp/cmp/report_slices.go:399.24,403.80 3 1
github.com/google/go-cmp/cmp/report_slices.go:403.80,405.5 1 1
github.com/google/go-cmp/cmp/report_slices.go:406.4,406.92 1 1
github.com/google/go-cmp/cmp/report_slices.go:406.92,408.5 1 1
github.com/google/go-cmp/cmp/report_slices.go:409.4,409.65 1 1
github.com/google/go-cmp/cmp/report_slices.go:409.65,411.5 1 1
github.com/google/go-cmp/cmp/report_slices.go:414.4,415.30 2 1
github.com/google/go-cmp/cmp/report_slices.go:415.30,418.5 2 1
github.com/google/go-cmp/cmp/report_slices.go:419.4,422.12 4 1
github.com/google/go-cmp/cmp/report_slices.go:426.3,431.31 6 1
github.com/google/go-cmp/cmp/report_slices.go:433.2,433.23 1 1
github.com/google/go-cmp/cmp/report_slices.go:433.23,435.3 1 1
github.com/google/go-cmp/cmp/report_slices.go:435.8,437.3 1 1
github.com/google/go-cmp/cmp/report_slices.go:438.2,438.13 1 1
github.com/google/go-cmp/cmp/report_slices.go:453.82,455.42 2 1
github.com/google/go-cmp/cmp/report_slices.go:455.42,456.23 1 1
github.com/google/go-cmp/cmp/report_slices.go:456.23,459.4 2 1
github.com/google/go-cmp/cmp/report_slices.go:460.3,460.32 1 1
github.com/google/go-cmp/cmp/report_slices.go:462.2,462.23 1 1
github.com/google/go-cmp/cmp/report_slices.go:462.23,463.12 1 1
github.com/google/go-cmp/cmp/report_slices.go:464.22,465.33 1 1
github.com/google/go-cmp/cmp/report_slices.go:466.21,467.31 1 1
github.com/google/go-cmp/cmp/report_slices.go:468.21,469.32 1 1
github.com/google/go-cmp/cmp/report_slices.go:470.22,471.32 1 0
github.com/google/go-cmp/cmp/report_slices.go:474.2,474.15 1 1
github.com/google/go-cmp/cmp/report_slices.go:509.83,511.32 2 1
github.com/google/go-cmp/cmp/report_slices.go:511.32,512.43 1 1
github.com/google/go-cmp/cmp/report_slices.go:512.43,518.77 6 1
github.com/google/go-cmp/cmp/report_slices.go:518.77,521.13 3 1
github.com/google/go-cmp/cmp/report_slices.go:524.3,524.30 1 1
github.com/google/go-cmp/cmp/report_slices.go:526.2,526.15 1 1
github.com/google/go-cmp/cmp/report_slices.go:553.90,555.28 2 1
github.com/google/go-cmp/cmp/report_slices.go:555.28,557.24 1 1
github.com/google/go-cmp/cmp/report_slices.go:557.24,560.12 3 1
github.com/google/go-cmp/cmp/report_slices.go:564.3,567.55 4 1
github.com/google/go-cmp/cmp/report_slices.go:567.55,569.4 1 1
github.com/google/go-cmp/cmp/report_slices.go:570.3,570.65 1 1
github.com/google/go-cmp/cmp/report_slices.go:570.65,572.4 1 1
github.com/google/go-cmp/cmp/report_slices.go:573.3,573.83 1 1
github.com/google/go-cmp/cmp/report_slices.go:573.83,574.31 1 1
github.com/google/go-cmp/cmp/report_slices.go:574.31,577.17 1 1
github.com/google/go-cmp/cmp/report_slices.go:577.17,579.6 1 1
github.com/google/go-cmp/cmp/report_slices.go:579.11,582.19 1 0
github.com/google/go-cmp/cmp/report_slices.go:582.19,584.7 1 0
github.com/google/go-cmp/cmp/report_slices.go:587.5,588.30 2 1
github.com/google/go-cmp/cmp/report_slices.go:590.4,590.32 1 1
github.com/google/go-cmp/cmp/report_slices.go:590.32,593.26 1 1
github.com/google/go-cmp/cmp/report_slices.go:593.26,595.6 1 1
github.com/google/go-cmp/cmp/report_slices.go:595.11,598.19 1 0
github.com/google/go-cmp/cmp/report_slices.go:598.19,600.7 1 0
github.com/google/go-cmp/cmp/report_slices.go:606.4,608.73 3 1
github.com/google/go-cmp/cmp/report_slices.go:610.3,611.11 2 1
github.com/google/go-cmp/cmp/report_slices.go:613.2,613.15 1 1
github.com/google/go-cmp/cmp/report_text.go:24.63,30.37 1 1
github.com/google/go-cmp/cmp/report_text.go:30.37,32.12 1 1
github.com/google/go-cmp/cmp/report_text.go:33.35,34.26 1 1
github.com/google/go-cmp/cmp/report_text.go:35.20,36.26 1 1
github.com/google/go-cmp/cmp/report_text.go:37.21,38.26 1 1
github.com/google/go-cmp/cmp/report_text.go:40.8,42.12 1 0
github.com/google/go-cmp/cmp/report_text.go:43.35,44.28 1 0
github.com/google/go-cmp/cmp/report_text.go:45.20,46.27 1 0
github.com/google/go-cmp/cmp/report_text.go:47.21,48.27 1 0
github.com/google/go-cmp/cmp/report_text.go:51.2,51.43 1 1
github.com/google/go-cmp/cmp/report_text.go:56.58,57.19 1 1
github.com/google/go-cmp/cmp/report_text.go:57.19,59.3 1 1
github.com/google/go-cmp/cmp/report_text.go:60.2,60.10 1 1
github.com/google/go-cmp/cmp/report_text.go:103.30,105.2 1 1
github.com/google/go-cmp/cmp/report_text.go:106.45,107.34 1 1
github.com/google/go-cmp/cmp/report_text.go:107.34,109.3 1 1
github.com/google/go-cmp/cmp/report_text.go:110.2,110.14 1 1
github.com/google/go-cmp/cmp/report_text.go:112.36,120.2 7 1
github.com/google/go-cmp/cmp/report_text.go:121.77,126.37 5 1
github.com/google/go-cmp/cmp/report_text.go:126.37,128.3 1 1
github.com/google/go-cmp/cmp/report_text.go:129.2,129.13 1 1
github.com/google/go-cmp/cmp/report_text.go:131.80,136.2 4 1
github.com/google/go-cmp/cmp/report_text.go:153.49,155.64 2 1
github.com/google/go-cmp/cmp/report_text.go:155.64,156.15 1 1
github.com/google/go-cmp/cmp/report_text.go:156.15,158.4 1 1
github.com/google/go-cmp/cmp/report_text.go:158.9,160.4 1 1
github.com/google/go-cmp/cmp/report_text.go:161.3,161.9 1 1
github.com/google/go-cmp/cmp/report_text.go:163.2,163.14 1 1
github.com/google/go-cmp/cmp/report_text.go:163.14,165.3 1 0
github.com/google/go-cmp/cmp/report_text.go:168.33,169.22 1 1
github.com/google/go-cmp/cmp/report_text.go:169.22,171.18 2 1
github.com/google/go-cmp/cmp/report_text.go:171.18,173.4 1 1
github.com/google/go-cmp/cmp/report_text.go:174.3,175.19 2 1
github.com/google/go-cmp/cmp/report_text.go:175.19,177.4 1 1
github.com/google/go-cmp/cmp/report_text.go:179.2,179.10 1 1
github.com/google/go-cmp/cmp/report_text.go:182.44,183.33 1 1
github.com/google/go-cmp/cmp/report_text.go:183.33,184.25 1 1
github.com/google/go-cmp/cmp/report_text.go:184.25,186.4 1 1
github.com/google/go-cmp/cmp/report_text.go:187.3,187.21 1 1
github.com/google/go-cmp/cmp/report_text.go:187.21,189.105 2 1
github.com/google/go-cmp/cmp/report_text.go:189.105,191.5 1 1
github.com/google/go-cmp/cmp/report_text.go:193.3,193.14 1 1
github.com/google/go-cmp/cmp/report_text.go:195.2,195.14 1 0
github.com/google/go-cmp/cmp/report_text.go:198.35,200.2 1 0
github.com/google/go-cmp/cmp/report_text.go:202.76,208.22 4 1
github.com/google/go-cmp/cmp/report_text.go:208.22,209.54 1 1
github.com/google/go-cmp/cmp/report_text.go:209.54,211.4 1 1
github.com/google/go-cmp/cmp/report_text.go:212.3,213.18 2 1
github.com/google/go-cmp/cmp/report_text.go:213.18,215.4 1 1
github.com/google/go-cmp/cmp/report_text.go:216.3,217.42 2 1
github.com/google/go-cmp/cmp/report_text.go:217.42,219.4 1 1
github.com/google/go-cmp/cmp/report_text.go:220.3,220.23 1 1
github.com/google/go-cmp/cmp/report_text.go:220.23,222.4 1 1
github.com/google/go-cmp/cmp/report_text.go:223.3,223.19 1 1
github.com/google/go-cmp/cmp/report_text.go:223.19,225.4 1 1
github.com/google/go-cmp/cmp/report_text.go:229.2,229.78 1 1
github.com/google/go-cmp/cmp/report_text.go:229.78,231.3 1 1
github.com/google/go-cmp/cmp/report_text.go:232.2,232.16 1 1
github.com/google/go-cmp/cmp/report_text.go:232.16,234.3 1 1
github.com/google/go-cmp/cmp/report_text.go:235.2,235.13 1 1
github.com/google/go-cmp/cmp/report_text.go:238.79,240.27 1 1
github.com/google/go-cmp/cmp/report_text.go:240.27,243.4 2 1
github.com/google/go-cmp/cmp/report_text.go:244.26,244.66 1 1
github.com/google/go-cmp/cmp/report_text.go:246.2,247.27 1 1
github.com/google/go-cmp/cmp/report_text.go:247.27,250.4 2 1
github.com/google/go-cmp/cmp/report_text.go:251.26,251.71 1 1
github.com/google/go-cmp/cmp/report_text.go:257.2,258.22 2 1
github.com/google/go-cmp/cmp/report_text.go:258.22,261.16 3 1
github.com/google/go-cmp/cmp/report_text.go:261.16,262.9 1 1
github.com/google/go-cmp/cmp/report_text.go:265.2,265.14 1 1
github.com/google/go-cmp/cmp/report_text.go:265.14,268.23 3 1
github.com/google/go-cmp/cmp/report_text.go:268.23,269.22 1 1
github.com/google/go-cmp/cmp/report_text.go:269.22,273.5 3 1
github.com/google/go-cmp/cmp/report_text.go:275.3,275.23 1 1
github.com/google/go-cmp/cmp/report_text.go:275.23,277.56 2 1
github.com/google/go-cmp/cmp/report_text.go:277.56,279.5 1 1
github.com/google/go-cmp/cmp/report_text.go:280.4,281.34 2 1
github.com/google/go-cmp/cmp/report_text.go:283.3,285.44 3 1
github.com/google/go-cmp/cmp/report_text.go:289.2,290.22 2 1
github.com/google/go-cmp/cmp/report_text.go:290.22,292.18 2 1
github.com/google/go-cmp/cmp/report_text.go:292.18,294.4 1 1
github.com/google/go-cmp/cmp/report_text.go:295.3,298.20 3 1
github.com/google/go-cmp/cmp/report_text.go:298.20,300.4 1 1
github.com/google/go-cmp/cmp/report_text.go:301.3,303.23 2 1
github.com/google/go-cmp/cmp/report_text.go:303.23,305.4 1 1
github.com/google/go-cmp/cmp/report_text.go:307.2,309.43 2 1
github.com/google/go-cmp/cmp/report_text.go:315.17,318.22 3 1
github.com/google/go-cmp/cmp/report_text.go:318.22,319.18 1 1
github.com/google/go-cmp/cmp/report_text.go:319.18,320.53 1 1
github.com/google/go-cmp/cmp/report_text.go:320.53,322.5 1 1
github.com/google/go-cmp/cmp/report_text.go:323.4,323.42 1 1
github.com/google/go-cmp/cmp/report_text.go:324.9,325.27 1 1
github.com/google/go-cmp/cmp/report_text.go:325.27,327.5 1 1
github.com/google/go-cmp/cmp/report_text.go:328.4,328.18 1 1
github.com/google/go-cmp/cmp/report_text.go:331.2,331.51 1 1
github.com/google/go-cmp/cmp/report_text.go:331.51,333.3 1 1
github.com/google/go-cmp/cmp/report_text.go:334.2,334.13 1 1
github.com/google/go-cmp/cmp/report_text.go:346.29,348.2 1 1
github.com/google/go-cmp/cmp/report_text.go:349.44,350.33 1 1
github.com/google/go-cmp/cmp/report_text.go:350.33,352.3 1 1
github.com/google/go-cmp/cmp/report_text.go:353.2,353.14 1 1
github.com/google/go-cmp/cmp/report_text.go:355.35,357.2 1 1
github.com/google/go-cmp/cmp/report_text.go:358.76,360.2 1 1
github.com/google/go-cmp/cmp/report_text.go:361.79,363.2 1 1
github.com/google/go-cmp/cmp/report_text.go:374.34,377.2 2 1
github.com/google/go-cmp/cmp/report_text.go:379.34,381.2 1 1
github.com/google/go-cmp/cmp/report_text.go:383.51,391.2 7 1
github.com/google/go-cmp/cmp/report_text.go:398.36,403.27 5 1
github.com/google/go-cmp/cmp/report_text.go:403.27,404.12 1 1
github.com/google/go-cmp/cmp/report_text.go:404.12,406.4 1 1
github.com/google/go-cmp/cmp/report_text.go:407.3,407.11 1 1
github.com/google/go-cmp/cmp/report_text.go:411.2,412.13 2 1
github.com/google/go-cmp/cmp/report_text.go:412.13,414.36 2 1
github.com/google/go-cmp/cmp/report_text.go:414.36,416.4 1 1
github.com/google/go-cmp/cmp/report_text.go:420.2,420.25 1 1
github.com/google/go-cmp/cmp/report_text.go:421.9,422.12 1 0
github.com/google/go-cmp/cmp/report_text.go:423.12,424.48 1 1
github.com/google/go-cmp/cmp/report_text.go:425.10,426.72 1 1
github.com/google/go-cmp/cmp/report_text.go:432.40,432.60 1 1
github.com/google/go-cmp/cmp/report_value.go:53.67,56.24 3 1
github.com/google/go-cmp/cmp/report_value.go:57.19,59.102 2 1
github.com/google/go-cmp/cmp/report_value.go:60.18,62.70 2 1
github.com/google/go-cmp/cmp/report_value.go:63.16,65.84 2 1
github.com/google/go-cmp/cmp/report_value.go:66.16,68.23 2 1
github.com/google/go-cmp/cmp/report_value.go:69.21,71.23 2 1
github.com/google/go-cmp/cmp/report_value.go:72.17,76.26 4 1
github.com/google/go-cmp/cmp/report_value.go:77.10,78.24 1 1
github.com/google/go-cmp/cmp/report_value.go:80.2,80.14 1 1
github.com/google/go-cmp/cmp/report_value.go:83.39,86.19 2 1
github.com/google/go-cmp/cmp/report_value.go:86.19,88.3 1 1
github.com/google/go-cmp/cmp/report_value.go:88.8,89.17 1 1
github.com/google/go-cmp/cmp/report_value.go:89.17,91.4 1 1
github.com/google/go-cmp/cmp/report_value.go:91.9,93.4 1 1
github.com/google/go-cmp/cmp/report_value.go:95.2,97.19 2 1
github.com/google/go-cmp/cmp/report_value.go:97.19,99.3 1 1
github.com/google/go-cmp/cmp/report_value.go:100.2,100.17 1 1
github.com/google/go-cmp/cmp/report_value.go:100.17,102.3 1 1
github.com/google/go-cmp/cmp/report_value.go:103.2,103.28 1 1
github.com/google/go-cmp/cmp/report_value.go:106.55,107.25 1 1
github.com/google/go-cmp/cmp/report_value.go:107.25,109.3 1 1
github.com/google/go-cmp/cmp/report_value.go:110.2,117.40 8 1
github.com/google/go-cmp/cmp/report_value.go:117.40,119.3 1 1
github.com/google/go-cmp/cmp/report_value.go:120.2,120.15 1 1
