mode: atomic
github.com/nickfiggins/gotestsimulate/gogeo/cities.go:22.50,24.2 1 2
github.com/nickfiggins/gotestsimulate/gogeo/cities.go:31.64,32.14 1 2
github.com/nickfiggins/gotestsimulate/gogeo/cities.go:32.14,34.3 1 0
github.com/nickfiggins/gotestsimulate/gogeo/cities.go:35.2,35.15 1 2
github.com/nickfiggins/gotestsimulate/gogeo/cities.go:35.15,37.17 2 2
github.com/nickfiggins/gotestsimulate/gogeo/cities.go:37.17,39.4 1 1
github.com/nickfiggins/gotestsimulate/gogeo/cities.go:40.3,41.33 2 1
github.com/nickfiggins/gotestsimulate/gogeo/cities.go:44.2,45.16 2 0
github.com/nickfiggins/gotestsimulate/gogeo/cities.go:45.16,47.3 1 0
github.com/nickfiggins/gotestsimulate/gogeo/cities.go:49.2,49.22 1 0
github.com/nickfiggins/gotestsimulate/gogeo/cities.go:49.22,51.3 1 0
github.com/nickfiggins/gotestsimulate/gogeo/cities.go:52.2,53.32 2 0
github.com/nickfiggins/gotestsimulate/gogeo/cities.go:61.91,63.16 2 2
github.com/nickfiggins/gotestsimulate/gogeo/cities.go:63.16,65.3 1 0
github.com/nickfiggins/gotestsimulate/gogeo/cities.go:67.2,67.22 1 2
github.com/nickfiggins/gotestsimulate/gogeo/cities.go:67.22,69.3 1 1
github.com/nickfiggins/gotestsimulate/gogeo/cities.go:71.2,71.30 1 1
github.com/nickfiggins/gotestsimulate/gogeo/cities.go:71.30,72.26 1 1
github.com/nickfiggins/gotestsimulate/gogeo/cities.go:72.26,74.4 1 1
github.com/nickfiggins/gotestsimulate/gogeo/cities.go:77.2,77.78 1 0
github.com/nickfiggins/gotestsimulate/gogeo/city_fetch.go:31.36,33.16 2 3
github.com/nickfiggins/gotestsimulate/gogeo/city_fetch.go:33.16,35.3 1 0
github.com/nickfiggins/gotestsimulate/gogeo/city_fetch.go:37.2,38.16 2 3
github.com/nickfiggins/gotestsimulate/gogeo/city_fetch.go:38.16,40.3 1 0
github.com/nickfiggins/gotestsimulate/gogeo/city_fetch.go:42.2,42.37 1 3
github.com/nickfiggins/gotestsimulate/gogeo/city_fetch.go:45.41,46.22 1 3
github.com/nickfiggins/gotestsimulate/gogeo/city_fetch.go:46.22,49.17 3 0
github.com/nickfiggins/gotestsimulate/gogeo/city_fetch.go:49.17,51.4 1 0
github.com/nickfiggins/gotestsimulate/gogeo/city_fetch.go:53.2,54.16 2 3
github.com/nickfiggins/gotestsimulate/gogeo/city_fetch.go:54.16,56.3 1 0
github.com/nickfiggins/gotestsimulate/gogeo/city_fetch.go:57.2,57.39 1 3
github.com/nickfiggins/gotestsimulate/gogeo/city_fetch.go:60.31,63.2 2 3
github.com/nickfiggins/gotestsimulate/gogeo/city_fetch.go:65.47,67.27 2 3
github.com/nickfiggins/gotestsimulate/gogeo/city_fetch.go:67.27,69.25 2 0
github.com/nickfiggins/gotestsimulate/gogeo/city_fetch.go:69.25,71.4 1 0
github.com/nickfiggins/gotestsimulate/gogeo/city_fetch.go:73.2,73.15 1 3
github.com/nickfiggins/gotestsimulate/gogeo/city_fetch.go:76.47,78.16 2 3
github.com/nickfiggins/gotestsimulate/gogeo/city_fetch.go:78.16,80.3 1 0
github.com/nickfiggins/gotestsimulate/gogeo/city_fetch.go:82.2,82.18 1 3
github.com/nickfiggins/gotestsimulate/gogeo/city_fetch.go:85.32,87.50 2 0
github.com/nickfiggins/gotestsimulate/gogeo/city_fetch.go:87.50,89.3 1 0
github.com/nickfiggins/gotestsimulate/gogeo/city_fetch.go:90.2,90.13 1 0
github.com/nickfiggins/gotestsimulate/gogeo/city_fetch.go:93.45,95.16 2 0
github.com/nickfiggins/gotestsimulate/gogeo/city_fetch.go:95.16,97.3 1 0
github.com/nickfiggins/gotestsimulate/gogeo/city_fetch.go:99.2,100.16 2 0
github.com/nickfiggins/gotestsimulate/gogeo/city_fetch.go:100.16,102.3 1 0
github.com/nickfiggins/gotestsimulate/gogeo/city_fetch.go:103.2,103.12 1 0
github.com/nickfiggins/gotestsimulate/gogeo/city_fetch.go:106.50,109.16 3 0
github.com/nickfiggins/gotestsimulate/gogeo/city_fetch.go:109.16,111.3 1 0
github.com/nickfiggins/gotestsimulate/gogeo/city_fetch.go:113.2,117.16 4 0
github.com/nickfiggins/gotestsimulate/gogeo/city_fetch.go:117.16,119.3 1 0
github.com/nickfiggins/gotestsimulate/gogeo/city_fetch.go:121.2,122.16 2 0
github.com/nickfiggins/gotestsimulate/gogeo/city_fetch.go:122.16,124.3 1 0
github.com/nickfiggins/gotestsimulate/gogeo/city_fetch.go:126.2,126.20 1 0
github.com/nickfiggins/gotestsimulate/gogeo/city_fetch.go:129.50,132.16 2 0
github.com/nickfiggins/gotestsimulate/gogeo/city_fetch.go:132.16,134.3 1 0
github.com/nickfiggins/gotestsimulate/gogeo/city_fetch.go:135.2,137.16 3 0
github.com/nickfiggins/gotestsimulate/gogeo/city_fetch.go:137.16,139.3 1 0
github.com/nickfiggins/gotestsimulate/gogeo/city_fetch.go:141.2,142.16 2 0
github.com/nickfiggins/gotestsimulate/gogeo/city_fetch.go:142.16,144.3 1 0
github.com/nickfiggins/gotestsimulate/gogeo/city_fetch.go:146.2,146.12 1 0
github.com/nickfiggins/gotestsimulate/gogeo/db.go:36.28,39.2 2 0
github.com/nickfiggins/gotestsimulate/gogeo/db.go:41.35,43.16 2 3
github.com/nickfiggins/gotestsimulate/gogeo/db.go:43.16,45.3 1 0
github.com/nickfiggins/gotestsimulate/gogeo/db.go:47.2,48.16 2 3
github.com/nickfiggins/gotestsimulate/gogeo/db.go:48.16,50.3 1 0
github.com/nickfiggins/gotestsimulate/gogeo/db.go:52.2,53.16 2 3
github.com/nickfiggins/gotestsimulate/gogeo/db.go:53.16,55.3 1 0
github.com/nickfiggins/gotestsimulate/gogeo/db.go:57.2,58.22 2 3
github.com/nickfiggins/gotestsimulate/gogeo/db.go:61.38,63.16 2 3
github.com/nickfiggins/gotestsimulate/gogeo/db.go:63.16,65.3 1 0
github.com/nickfiggins/gotestsimulate/gogeo/db.go:67.2,68.16 2 3
github.com/nickfiggins/gotestsimulate/gogeo/db.go:68.16,70.3 1 0
github.com/nickfiggins/gotestsimulate/gogeo/db.go:72.2,73.16 2 3
github.com/nickfiggins/gotestsimulate/gogeo/db.go:73.16,75.3 1 0
github.com/nickfiggins/gotestsimulate/gogeo/db.go:76.2,78.27 2 3
github.com/nickfiggins/gotestsimulate/gogeo/db.go:78.27,80.17 2 0
github.com/nickfiggins/gotestsimulate/gogeo/db.go:80.17,82.4 1 0
github.com/nickfiggins/gotestsimulate/gogeo/db.go:85.2,85.12 1 3
github.com/nickfiggins/gotestsimulate/gogeo/db.go:88.43,91.16 3 2
github.com/nickfiggins/gotestsimulate/gogeo/db.go:91.16,93.3 1 2
github.com/nickfiggins/gotestsimulate/gogeo/db.go:94.2,99.16 4 0
github.com/nickfiggins/gotestsimulate/gogeo/db.go:99.16,101.3 1 0
github.com/nickfiggins/gotestsimulate/gogeo/db.go:105.2,105.23 1 0
github.com/nickfiggins/gotestsimulate/gogeo/db.go:108.64,112.21 3 1
github.com/nickfiggins/gotestsimulate/gogeo/db.go:112.21,115.3 2 0
github.com/nickfiggins/gotestsimulate/gogeo/db.go:117.2,117.27 1 1
github.com/nickfiggins/gotestsimulate/gogeo/db.go:117.27,120.3 2 1
github.com/nickfiggins/gotestsimulate/gogeo/db.go:122.2,122.24 1 1
github.com/nickfiggins/gotestsimulate/gogeo/db.go:122.24,125.3 2 0
github.com/nickfiggins/gotestsimulate/gogeo/db.go:127.2,128.16 2 1
github.com/nickfiggins/gotestsimulate/gogeo/db.go:128.16,130.3 1 0
github.com/nickfiggins/gotestsimulate/gogeo/db.go:132.2,135.16 3 1
github.com/nickfiggins/gotestsimulate/gogeo/db.go:135.16,137.3 1 0
github.com/nickfiggins/gotestsimulate/gogeo/db.go:139.2,142.18 3 1
github.com/nickfiggins/gotestsimulate/gogeo/db.go:142.18,145.17 3 0
github.com/nickfiggins/gotestsimulate/gogeo/db.go:145.17,147.4 1 0
github.com/nickfiggins/gotestsimulate/gogeo/db.go:148.3,148.35 1 0
github.com/nickfiggins/gotestsimulate/gogeo/db.go:151.2,151.23 1 1
github.com/nickfiggins/gotestsimulate/gogeo/db.go:151.23,153.3 1 0
github.com/nickfiggins/gotestsimulate/gogeo/db.go:156.2,156.20 1 1
github.com/nickfiggins/gotestsimulate/gogeo/handlers.go:19.69,23.54 2 2
github.com/nickfiggins/gotestsimulate/gogeo/handlers.go:23.54,24.33 1 2
github.com/nickfiggins/gotestsimulate/gogeo/handlers.go:24.33,29.4 3 1
github.com/nickfiggins/gotestsimulate/gogeo/handlers.go:31.3,33.22 3 1
github.com/nickfiggins/gotestsimulate/gogeo/handlers.go:33.22,35.18 2 0
github.com/nickfiggins/gotestsimulate/gogeo/handlers.go:35.18,39.5 3 0
github.com/nickfiggins/gotestsimulate/gogeo/handlers.go:40.4,40.16 1 0
github.com/nickfiggins/gotestsimulate/gogeo/handlers.go:43.3,44.17 2 1
github.com/nickfiggins/gotestsimulate/gogeo/handlers.go:44.17,47.4 2 1
github.com/nickfiggins/gotestsimulate/gogeo/handlers.go:48.3,49.17 2 0
github.com/nickfiggins/gotestsimulate/gogeo/handlers.go:49.17,52.4 2 0
github.com/nickfiggins/gotestsimulate/gogeo/handlers.go:53.3,54.13 2 0
github.com/nickfiggins/gotestsimulate/gogeo/handlers.go:59.65,68.54 3 1
github.com/nickfiggins/gotestsimulate/gogeo/handlers.go:68.54,69.34 1 1
github.com/nickfiggins/gotestsimulate/gogeo/handlers.go:69.34,73.4 3 0
github.com/nickfiggins/gotestsimulate/gogeo/handlers.go:74.3,75.28 2 1
github.com/nickfiggins/gotestsimulate/gogeo/handlers.go:75.28,78.18 3 1
github.com/nickfiggins/gotestsimulate/gogeo/handlers.go:78.18,81.5 2 0
github.com/nickfiggins/gotestsimulate/gogeo/handlers.go:84.3,84.46 1 1
github.com/nickfiggins/gotestsimulate/gogeo/handlers.go:84.46,87.4 2 1
github.com/nickfiggins/gotestsimulate/gogeo/handlers.go:89.3,90.17 2 1
github.com/nickfiggins/gotestsimulate/gogeo/handlers.go:90.17,93.4 2 1
github.com/nickfiggins/gotestsimulate/gogeo/handlers.go:94.3,97.17 2 0
github.com/nickfiggins/gotestsimulate/gogeo/handlers.go:97.17,100.4 2 0
github.com/nickfiggins/gotestsimulate/gogeo/handlers.go:101.3,102.20 2 0
github.com/nickfiggins/gotestsimulate/gogeo/handlers.go:106.59,109.2 2 2
