mode: set
github.com/nickfiggins/tstat/cover.go:30.49,32.8 2 0
github.com/nickfiggins/tstat/cover.go:32.8,34.3 1 0
github.com/nickfiggins/tstat/cover.go:35.2,35.10 1 0
github.com/nickfiggins/tstat/cover.go:38.85,40.27 2 0
github.com/nickfiggins/tstat/cover.go:40.27,42.3 1 0
github.com/nickfiggins/tstat/cover.go:43.2,44.16 2 0
github.com/nickfiggins/tstat/cover.go:44.16,46.3 1 0
github.com/nickfiggins/tstat/cover.go:47.2,47.46 1 0
github.com/nickfiggins/tstat/cover.go:50.91,52.27 2 1
github.com/nickfiggins/tstat/cover.go:52.27,54.3 1 0
github.com/nickfiggins/tstat/cover.go:55.2,56.16 2 1
github.com/nickfiggins/tstat/cover.go:56.16,58.3 1 0
github.com/nickfiggins/tstat/cover.go:59.2,59.46 1 1
github.com/nickfiggins/tstat/cover.go:62.80,66.32 4 1
github.com/nickfiggins/tstat/cover.go:66.32,72.3 5 1
github.com/nickfiggins/tstat/cover.go:74.2,74.92 1 1
github.com/nickfiggins/tstat/cover.go:77.46,80.31 3 1
github.com/nickfiggins/tstat/cover.go:80.31,82.19 2 1
github.com/nickfiggins/tstat/cover.go:82.19,84.4 1 1
github.com/nickfiggins/tstat/cover.go:87.2,91.3 1 1
github.com/nickfiggins/tstat/cover.go:103.49,105.9 2 0
github.com/nickfiggins/tstat/cover.go:105.9,107.3 1 0
github.com/nickfiggins/tstat/cover.go:108.2,108.10 1 0
github.com/nickfiggins/tstat/cover.go:111.48,113.9 2 0
github.com/nickfiggins/tstat/cover.go:113.9,115.3 1 0
github.com/nickfiggins/tstat/cover.go:116.2,116.10 1 0
github.com/nickfiggins/tstat/cover.go:121.64,123.16 2 0
github.com/nickfiggins/tstat/cover.go:123.16,125.3 1 0
github.com/nickfiggins/tstat/cover.go:126.2,126.38 1 0
github.com/nickfiggins/tstat/cover.go:129.89,131.27 2 0
github.com/nickfiggins/tstat/cover.go:131.27,133.3 1 0
github.com/nickfiggins/tstat/cover.go:134.2,138.16 5 0
github.com/nickfiggins/tstat/cover.go:138.16,140.29 2 0
github.com/nickfiggins/tstat/cover.go:140.29,141.12 1 0
github.com/nickfiggins/tstat/cover.go:144.3,145.17 2 0
github.com/nickfiggins/tstat/cover.go:145.17,147.4 1 0
github.com/nickfiggins/tstat/cover.go:149.3,149.33 1 0
github.com/nickfiggins/tstat/cover.go:149.33,151.12 2 0
github.com/nickfiggins/tstat/cover.go:154.3,155.16 2 0
github.com/nickfiggins/tstat/cover.go:155.16,157.4 1 0
github.com/nickfiggins/tstat/cover.go:159.3,163.9 4 0
github.com/nickfiggins/tstat/cover.go:163.9,165.12 2 0
github.com/nickfiggins/tstat/cover.go:167.3,167.43 1 0
github.com/nickfiggins/tstat/cover.go:170.2,171.16 2 0
github.com/nickfiggins/tstat/cover.go:171.16,173.3 1 0
github.com/nickfiggins/tstat/cover.go:175.2,178.17 3 0
github.com/nickfiggins/tstat/tests.go:24.65,25.35 1 0
github.com/nickfiggins/tstat/tests.go:25.35,26.30 1 0
github.com/nickfiggins/tstat/tests.go:26.30,27.23 1 0
github.com/nickfiggins/tstat/tests.go:27.23,29.5 1 0
github.com/nickfiggins/tstat/tests.go:31.3,31.15 1 0
github.com/nickfiggins/tstat/tests.go:35.61,37.16 2 0
github.com/nickfiggins/tstat/tests.go:37.16,39.3 1 0
github.com/nickfiggins/tstat/tests.go:41.2,44.97 3 0
github.com/nickfiggins/tstat/tests.go:47.52,50.16 3 0
github.com/nickfiggins/tstat/tests.go:50.16,54.17 4 0
github.com/nickfiggins/tstat/tests.go:54.17,56.4 1 0
github.com/nickfiggins/tstat/tests.go:57.3,57.30 1 0
github.com/nickfiggins/tstat/tests.go:59.2,60.16 2 0
github.com/nickfiggins/tstat/tests.go:60.16,62.3 1 0
github.com/nickfiggins/tstat/tests.go:63.2,63.19 1 0
github.com/nickfiggins/tstat/tests.go:66.50,68.28 2 0
github.com/nickfiggins/tstat/tests.go:68.28,69.27 1 0
github.com/nickfiggins/tstat/tests.go:69.27,71.4 1 0
github.com/nickfiggins/tstat/tests.go:74.2,74.20 1 0
github.com/nickfiggins/tstat/tests.go:79.95,81.28 2 0
github.com/nickfiggins/tstat/tests.go:81.28,82.32 1 0
github.com/nickfiggins/tstat/tests.go:82.32,84.4 1 0
github.com/nickfiggins/tstat/tests.go:86.2,86.14 1 0
github.com/nickfiggins/tstat/tstat.go:18.43,20.2 1 1
github.com/nickfiggins/tstat/tstat.go:28.40,29.26 1 0
github.com/nickfiggins/tstat/tstat.go:29.26,31.3 1 0
github.com/nickfiggins/tstat/tstat.go:34.47,35.24 1 1
github.com/nickfiggins/tstat/tstat.go:35.24,37.3 1 1
github.com/nickfiggins/tstat/tstat.go:38.2,38.13 1 0
github.com/nickfiggins/tstat/tstat.go:41.67,43.16 2 1
github.com/nickfiggins/tstat/tstat.go:43.16,45.3 1 0
github.com/nickfiggins/tstat/tstat.go:46.2,47.16 2 1
github.com/nickfiggins/tstat/tstat.go:47.16,49.3 1 0
github.com/nickfiggins/tstat/tstat.go:51.2,56.16 6 1
github.com/nickfiggins/tstat/tstat.go:56.16,58.3 1 1
github.com/nickfiggins/tstat/tstat.go:60.2,61.16 2 0
github.com/nickfiggins/tstat/tstat.go:61.16,63.3 1 0
github.com/nickfiggins/tstat/tstat.go:65.2,65.63 1 0
github.com/nickfiggins/tstat/tstat.go:68.113,71.16 3 0
github.com/nickfiggins/tstat/tstat.go:71.16,73.3 1 0
github.com/nickfiggins/tstat/tstat.go:75.2,76.16 2 0
github.com/nickfiggins/tstat/tstat.go:76.16,78.3 1 0
github.com/nickfiggins/tstat/tstat.go:80.2,80.50 1 0
github.com/nickfiggins/tstat/tstat.go:83.80,85.2 1 0
github.com/nickfiggins/tstat/tstat.go:87.67,89.16 2 0
github.com/nickfiggins/tstat/tstat.go:89.16,91.3 1 0
github.com/nickfiggins/tstat/tstat.go:93.2,95.28 2 0
